# JRE version: Java(TM) SE Runtime Environment (8.0_121-b13) (build 1.8.0_121-b13)
# Java VM: Java HotSpot(TM) 64-Bit Server VM (25.121-b13 mixed mode windows-amd64 compressed oops)
Heap:
 PSYoungGen      total 37888K, used 14279K [0x00000000d6300000, 0x00000000d9a00000, 0x0000000100000000)
  eden space 32768K, 34% used [0x00000000d6300000,0x00000000d6dee140,0x00000000d8300000)
  from space 5120K, 60% used [0x00000000d8800000,0x00000000d8b03c20,0x00000000d8d00000)
  to   space 5120K, 0% used [0x00000000d8300000,0x00000000d8300000,0x00000000d8800000)
 ParOldGen       total 66048K, used 9818K [0x0000000082800000, 0x0000000086880000, 0x00000000d6300000)
  object space 66048K, 14% used [0x0000000082800000,0x0000000083196a30,0x0000000086880000)
 Metaspace       used 24917K, capacity 25817K, committed 25904K, reserved 1071104K
  class space    used 3321K, capacity 3547K, committed 3632K, reserved 1048576K
GC Heap History (10 events):
Event: 2.159 GC heap before
{Heap before GC invocations=1 (full 0):
 PSYoungGen      total 37888K, used 32768K [0x00000000d6300000, 0x00000000d8d00000, 0x0000000100000000)
  eden space 32768K, 100% used [0x00000000d6300000,0x00000000d8300000,0x00000000d8300000)
  from space 5120K, 0% used [0x00000000d8800000,0x00000000d8800000,0x00000000d8d00000)
  to   space 5120K, 0% used [0x00000000d8300000,0x00000000d8300000,0x00000000d8800000)
 ParOldGen       total 86016K, used 0K [0x0000000082800000, 0x0000000087c00000, 0x00000000d6300000)
  object space 86016K, 0% used [0x0000000082800000,0x0000000082800000,0x0000000087c00000)
 Metaspace       used 12417K, capacity 12652K, committed 12800K, reserved 1060864K
  class space    used 1400K, capacity 1484K, committed 1536K, reserved 1048576K
Event: 2.173 GC heap after
Heap after GC invocations=1 (full 0):
 PSYoungGen      total 37888K, used 5119K [0x00000000d6300000, 0x00000000d8d00000, 0x0000000100000000)
  eden space 32768K, 0% used [0x00000000d6300000,0x00000000d6300000,0x00000000d8300000)
  from space 5120K, 99% used [0x00000000d8300000,0x00000000d87ffd80,0x00000000d8800000)
  to   space 5120K, 0% used [0x00000000d8800000,0x00000000d8800000,0x00000000d8d00000)
 ParOldGen       total 86016K, used 1682K [0x0000000082800000, 0x0000000087c00000, 0x00000000d6300000)
  object space 86016K, 1% used [0x0000000082800000,0x00000000829a4ad0,0x0000000087c00000)
 Metaspace       used 12417K, capacity 12652K, committed 12800K, reserved 1060864K
  class space    used 1400K, capacity 1484K, committed 1536K, reserved 1048576K
}
Event: 2.675 GC heap before
{Heap before GC invocations=2 (full 0):
 PSYoungGen      total 37888K, used 37887K [0x00000000d6300000, 0x00000000d8d00000, 0x0000000100000000)
  eden space 32768K, 100% used [0x00000000d6300000,0x00000000d8300000,0x00000000d8300000)
  from space 5120K, 99% used [0x00000000d8300000,0x00000000d87ffd80,0x00000000d8800000)
  to   space 5120K, 0% used [0x00000000d8800000,0x00000000d8800000,0x00000000d8d00000)
 ParOldGen       total 86016K, used 1682K [0x0000000082800000, 0x0000000087c00000, 0x00000000d6300000)
  object space 86016K, 1% used [0x0000000082800000,0x00000000829a4ad0,0x0000000087c00000)
 Metaspace       used 15683K, capacity 15950K, committed 16128K, reserved 1062912K
  class space    used 1969K, capacity 2039K, committed 2048K, reserved 1048576K
Event: 2.682 GC heap after
Heap after GC invocations=2 (full 0):
 PSYoungGen      total 37888K, used 5089K [0x00000000d6300000, 0x00000000d8d00000, 0x0000000100000000)
  eden space 32768K, 0% used [0x00000000d6300000,0x00000000d6300000,0x00000000d8300000)
  from space 5120K, 99% used [0x00000000d8800000,0x00000000d8cf84b8,0x00000000d8d00000)
  to   space 5120K, 0% used [0x00000000d8300000,0x00000000d8300000,0x00000000d8800000)
 ParOldGen       total 86016K, used 4523K [0x0000000082800000, 0x0000000087c00000, 0x00000000d6300000)
  object space 86016K, 5% used [0x0000000082800000,0x0000000082c6ac48,0x0000000087c00000)
 Metaspace       used 15683K, capacity 15950K, committed 16128K, reserved 1062912K
  class space    used 1969K, capacity 2039K, committed 2048K, reserved 1048576K
}
Event: 3.728 GC heap before
{Heap before GC invocations=3 (full 0):
 PSYoungGen      total 37888K, used 37348K [0x00000000d6300000, 0x00000000d8d00000, 0x0000000100000000)
  eden space 32768K, 98% used [0x00000000d6300000,0x00000000d8280da8,0x00000000d8300000)
  from space 5120K, 99% used [0x00000000d8800000,0x00000000d8cf84b8,0x00000000d8d00000)
  to   space 5120K, 0% used [0x00000000d8300000,0x00000000d8300000,0x00000000d8800000)
 ParOldGen       total 86016K, used 4523K [0x0000000082800000, 0x0000000087c00000, 0x00000000d6300000)
  object space 86016K, 5% used [0x0000000082800000,0x0000000082c6ac48,0x0000000087c00000)
 Metaspace       used 20762K, capacity 21281K, committed 21296K, reserved 1067008K
  class space    used 2710K, capacity 2864K, committed 2864K, reserved 1048576K
Event: 3.737 GC heap after
Heap after GC invocations=3 (full 0):
 PSYoungGen      total 37888K, used 5093K [0x00000000d6300000, 0x00000000d8d00000, 0x0000000100000000)
  eden space 32768K, 0% used [0x00000000d6300000,0x00000000d6300000,0x00000000d8300000)
  from space 5120K, 99% used [0x00000000d8300000,0x00000000d87f94e0,0x00000000d8800000)
  to   space 5120K, 0% used [0x00000000d8800000,0x00000000d8800000,0x00000000d8d00000)
 ParOldGen       total 86016K, used 9295K [0x0000000082800000, 0x0000000087c00000, 0x00000000d6300000)
  object space 86016K, 10% used [0x0000000082800000,0x0000000083113c20,0x0000000087c00000)
 Metaspace       used 20762K, capacity 21281K, committed 21296K, reserved 1067008K
  class space    used 2710K, capacity 2864K, committed 2864K, reserved 1048576K
}
Event: 3.737 GC heap before
{Heap before GC invocations=4 (full 1):
 PSYoungGen      total 37888K, used 5093K [0x00000000d6300000, 0x00000000d8d00000, 0x0000000100000000)
  eden space 32768K, 0% used [0x00000000d6300000,0x00000000d6300000,0x00000000d8300000)
  from space 5120K, 99% used [0x00000000d8300000,0x00000000d87f94e0,0x00000000d8800000)
  to   space 5120K, 0% used [0x00000000d8800000,0x00000000d8800000,0x00000000d8d00000)
 ParOldGen       total 86016K, used 9295K [0x0000000082800000, 0x0000000087c00000, 0x00000000d6300000)
  object space 86016K, 10% used [0x0000000082800000,0x0000000083113c20,0x0000000087c00000)
 Metaspace       used 20762K, capacity 21281K, committed 21296K, reserved 1067008K
  class space    used 2710K, capacity 2864K, committed 2864K, reserved 1048576K
Event: 3.779 GC heap after
Heap after GC invocations=4 (full 1):
 PSYoungGen      total 37888K, used 0K [0x00000000d6300000, 0x00000000d8d00000, 0x0000000100000000)
  eden space 32768K, 0% used [0x00000000d6300000,0x00000000d6300000,0x00000000d8300000)
  from space 5120K, 0% used [0x00000000d8300000,0x00000000d8300000,0x00000000d8800000)
  to   space 5120K, 0% used [0x00000000d8800000,0x00000000d8800000,0x00000000d8d00000)
 ParOldGen       total 66048K, used 9810K [0x0000000082800000, 0x0000000086880000, 0x00000000d6300000)
  object space 66048K, 14% used [0x0000000082800000,0x0000000083194a30,0x0000000086880000)
 Metaspace       used 20762K, capacity 21281K, committed 21296K, reserved 1067008K
  class space    used 2710K, capacity 2864K, committed 2864K, reserved 1048576K
}
Event: 34.448 GC heap before
{Heap before GC invocations=5 (full 1):
 PSYoungGen      total 37888K, used 32768K [0x00000000d6300000, 0x00000000d8d00000, 0x0000000100000000)
  eden space 32768K, 100% used [0x00000000d6300000,0x00000000d8300000,0x00000000d8300000)
  from space 5120K, 0% used [0x00000000d8300000,0x00000000d8300000,0x00000000d8800000)
  to   space 5120K, 0% used [0x00000000d8800000,0x00000000d8800000,0x00000000d8d00000)
 ParOldGen       total 66048K, used 9810K [0x0000000082800000, 0x0000000086880000, 0x00000000d6300000)
  object space 66048K, 14% used [0x0000000082800000,0x0000000083194a30,0x0000000086880000)
 Metaspace       used 23778K, capacity 24545K, committed 24624K, reserved 1071104K
  class space    used 3114K, capacity 3319K, committed 3376K, reserved 1048576K
Event: 34.486 GC heap after
Heap after GC invocations=5 (full 1):
 PSYoungGen      total 37888K, used 3087K [0x00000000d6300000, 0x00000000d9a00000, 0x0000000100000000)
  eden space 32768K, 0% used [0x00000000d6300000,0x00000000d6300000,0x00000000d8300000)
  from space 5120K, 60% used [0x00000000d8800000,0x00000000d8b03c20,0x00000000d8d00000)
  to   space 5120K, 0% used [0x00000000d8300000,0x00000000d8300000,0x00000000d8800000)
 ParOldGen       total 66048K, used 9818K [0x0000000082800000, 0x0000000086880000, 0x00000000d6300000)
  object space 66048K, 14% used [0x0000000082800000,0x0000000083196a30,0x0000000086880000)
 Metaspace       used 23778K, capacity 24545K, committed 24624K, reserved 1071104K
  class space    used 3114K, capacity 3319K, committed 3376K, reserved 1048576K
}

