# JRE version: Java(TM) SE Runtime Environment (8.0_121-b13) (build 1.8.0_121-b13)
# Java VM: Java HotSpot(TM) 64-Bit Server VM (25.121-b13 mixed mode windows-amd64 compressed oops)
Heap:
 PSYoungGen      total 117248K, used 76691K [0x00000000d6300000, 0x00000000e1880000, 0x0000000100000000)
  eden space 105472K, 70% used [0x00000000d6300000,0x00000000dab1a040,0x00000000dca00000)
  from space 11776K, 24% used [0x00000000dca00000,0x00000000dcccac08,0x00000000dd580000)
  to   space 11776K, 0% used [0x00000000e0d00000,0x00000000e0d00000,0x00000000e1880000)
 ParOldGen       total 54272K, used 6802K [0x0000000082800000, 0x0000000085d00000, 0x00000000d6300000)
  object space 54272K, 12% used [0x0000000082800000,0x0000000082ea48d8,0x0000000085d00000)
 Metaspace       used 25157K, capacity 26071K, committed 26288K, reserved 1073152K
  class space    used 3166K, capacity 3392K, committed 3504K, reserved 1048576K
GC Heap History (10 events):
Event: 3.745 GC heap before
{Heap before GC invocations=4 (full 0):
 PSYoungGen      total 37888K, used 7141K [0x00000000d6300000, 0x00000000dad00000, 0x0000000100000000)
  eden space 32768K, 6% used [0x00000000d6300000,0x00000000d64fd5b0,0x00000000d8300000)
  from space 5120K, 99% used [0x00000000d8300000,0x00000000d87fc060,0x00000000d8800000)
  to   space 5120K, 0% used [0x00000000da800000,0x00000000da800000,0x00000000dad00000)
 ParOldGen       total 86016K, used 8790K [0x0000000082800000, 0x0000000087c00000, 0x00000000d6300000)
  object space 86016K, 10% used [0x0000000082800000,0x0000000083095b20,0x0000000087c00000)
 Metaspace       used 20733K, capacity 21293K, committed 21296K, reserved 1067008K
  class space    used 2708K, capacity 2864K, committed 2864K, reserved 1048576K
Event: 3.751 GC heap after
Heap after GC invocations=4 (full 0):
 PSYoungGen      total 70656K, used 5104K [0x00000000d6300000, 0x00000000dad00000, 0x0000000100000000)
  eden space 65536K, 0% used [0x00000000d6300000,0x00000000d6300000,0x00000000da300000)
  from space 5120K, 99% used [0x00000000da800000,0x00000000dacfc060,0x00000000dad00000)
  to   space 5120K, 0% used [0x00000000da300000,0x00000000da300000,0x00000000da800000)
 ParOldGen       total 86016K, used 9009K [0x0000000082800000, 0x0000000087c00000, 0x00000000d6300000)
  object space 86016K, 10% used [0x0000000082800000,0x00000000830cc768,0x0000000087c00000)
 Metaspace       used 20733K, capacity 21293K, committed 21296K, reserved 1067008K
  class space    used 2708K, capacity 2864K, committed 2864K, reserved 1048576K
}
Event: 3.751 GC heap before
{Heap before GC invocations=5 (full 1):
 PSYoungGen      total 70656K, used 5104K [0x00000000d6300000, 0x00000000dad00000, 0x0000000100000000)
  eden space 65536K, 0% used [0x00000000d6300000,0x00000000d6300000,0x00000000da300000)
  from space 5120K, 99% used [0x00000000da800000,0x00000000dacfc060,0x00000000dad00000)
  to   space 5120K, 0% used [0x00000000da300000,0x00000000da300000,0x00000000da800000)
 ParOldGen       total 86016K, used 9009K [0x0000000082800000, 0x0000000087c00000, 0x00000000d6300000)
  object space 86016K, 10% used [0x0000000082800000,0x00000000830cc768,0x0000000087c00000)
 Metaspace       used 20733K, capacity 21293K, committed 21296K, reserved 1067008K
  class space    used 2708K, capacity 2864K, committed 2864K, reserved 1048576K
Event: 3.787 GC heap after
Heap after GC invocations=5 (full 1):
 PSYoungGen      total 70656K, used 0K [0x00000000d6300000, 0x00000000dad00000, 0x0000000100000000)
  eden space 65536K, 0% used [0x00000000d6300000,0x00000000d6300000,0x00000000da300000)
  from space 5120K, 0% used [0x00000000da800000,0x00000000da800000,0x00000000dad00000)
  to   space 5120K, 0% used [0x00000000da300000,0x00000000da300000,0x00000000da800000)
 ParOldGen       total 54272K, used 6778K [0x0000000082800000, 0x0000000085d00000, 0x00000000d6300000)
  object space 54272K, 12% used [0x0000000082800000,0x0000000082e9e8d8,0x0000000085d00000)
 Metaspace       used 20733K, capacity 21293K, committed 21296K, reserved 1067008K
  class space    used 2708K, capacity 2864K, committed 2864K, reserved 1048576K
}
Event: 133.822 GC heap before
{Heap before GC invocations=6 (full 1):
 PSYoungGen      total 70656K, used 65536K [0x00000000d6300000, 0x00000000dad00000, 0x0000000100000000)
  eden space 65536K, 100% used [0x00000000d6300000,0x00000000da300000,0x00000000da300000)
  from space 5120K, 0% used [0x00000000da800000,0x00000000da800000,0x00000000dad00000)
  to   space 5120K, 0% used [0x00000000da300000,0x00000000da300000,0x00000000da800000)
 ParOldGen       total 54272K, used 6778K [0x0000000082800000, 0x0000000085d00000, 0x00000000d6300000)
  object space 54272K, 12% used [0x0000000082800000,0x0000000082e9e8d8,0x0000000085d00000)
 Metaspace       used 24200K, capacity 25085K, committed 25136K, reserved 1071104K
  class space    used 3123K, capacity 3327K, committed 3376K, reserved 1048576K
Event: 133.850 GC heap after
Heap after GC invocations=6 (full 1):
 PSYoungGen      total 70656K, used 3175K [0x00000000d6300000, 0x00000000de400000, 0x0000000100000000)
  eden space 65536K, 0% used [0x00000000d6300000,0x00000000d6300000,0x00000000da300000)
  from space 5120K, 62% used [0x00000000da300000,0x00000000da619f80,0x00000000da800000)
  to   space 11264K, 0% used [0x00000000dd900000,0x00000000dd900000,0x00000000de400000)
 ParOldGen       total 54272K, used 6786K [0x0000000082800000, 0x0000000085d00000, 0x00000000d6300000)
  object space 54272K, 12% used [0x0000000082800000,0x0000000082ea08d8,0x0000000085d00000)
 Metaspace       used 24200K, capacity 25085K, committed 25136K, reserved 1071104K
  class space    used 3123K, capacity 3327K, committed 3376K, reserved 1048576K
}
Event: 313.844 GC heap before
{Heap before GC invocations=7 (full 1):
 PSYoungGen      total 70656K, used 68711K [0x00000000d6300000, 0x00000000de400000, 0x0000000100000000)
  eden space 65536K, 100% used [0x00000000d6300000,0x00000000da300000,0x00000000da300000)
  from space 5120K, 62% used [0x00000000da300000,0x00000000da619f80,0x00000000da800000)
  to   space 11264K, 0% used [0x00000000dd900000,0x00000000dd900000,0x00000000de400000)
 ParOldGen       total 54272K, used 6786K [0x0000000082800000, 0x0000000085d00000, 0x00000000d6300000)
  object space 54272K, 12% used [0x0000000082800000,0x0000000082ea08d8,0x0000000085d00000)
 Metaspace       used 24826K, capacity 25771K, committed 26032K, reserved 1071104K
  class space    used 3159K, capacity 3386K, committed 3504K, reserved 1048576K
Event: 313.910 GC heap after
Heap after GC invocations=7 (full 1):
 PSYoungGen      total 113664K, used 2249K [0x00000000d6300000, 0x00000000de100000, 0x0000000100000000)
  eden space 105472K, 0% used [0x00000000d6300000,0x00000000d6300000,0x00000000dca00000)
  from space 8192K, 27% used [0x00000000dd900000,0x00000000ddb32540,0x00000000de100000)
  to   space 11776K, 0% used [0x00000000dca00000,0x00000000dca00000,0x00000000dd580000)
 ParOldGen       total 54272K, used 6794K [0x0000000082800000, 0x0000000085d00000, 0x00000000d6300000)
  object space 54272K, 12% used [0x0000000082800000,0x0000000082ea28d8,0x0000000085d00000)
 Metaspace       used 24826K, capacity 25771K, committed 26032K, reserved 1071104K
  class space    used 3159K, capacity 3386K, committed 3504K, reserved 1048576K
}
Event: 491.103 GC heap before
{Heap before GC invocations=8 (full 1):
 PSYoungGen      total 113664K, used 107721K [0x00000000d6300000, 0x00000000de100000, 0x0000000100000000)
  eden space 105472K, 100% used [0x00000000d6300000,0x00000000dca00000,0x00000000dca00000)
  from space 8192K, 27% used [0x00000000dd900000,0x00000000ddb32540,0x00000000de100000)
  to   space 11776K, 0% used [0x00000000dca00000,0x00000000dca00000,0x00000000dd580000)
 ParOldGen       total 54272K, used 6794K [0x0000000082800000, 0x0000000085d00000, 0x00000000d6300000)
  object space 54272K, 12% used [0x0000000082800000,0x0000000082ea28d8,0x0000000085d00000)
 Metaspace       used 25074K, capacity 25981K, committed 26288K, reserved 1073152K
  class space    used 3162K, capacity 3389K, committed 3504K, reserved 1048576K
Event: 491.163 GC heap after
Heap after GC invocations=8 (full 1):
 PSYoungGen      total 117248K, used 2859K [0x00000000d6300000, 0x00000000e1880000, 0x0000000100000000)
  eden space 105472K, 0% used [0x00000000d6300000,0x00000000d6300000,0x00000000dca00000)
  from space 11776K, 24% used [0x00000000dca00000,0x00000000dcccac08,0x00000000dd580000)
  to   space 11776K, 0% used [0x00000000e0d00000,0x00000000e0d00000,0x00000000e1880000)
 ParOldGen       total 54272K, used 6802K [0x0000000082800000, 0x0000000085d00000, 0x00000000d6300000)
  object space 54272K, 12% used [0x0000000082800000,0x0000000082ea48d8,0x0000000085d00000)
 Metaspace       used 25074K, capacity 25981K, committed 26288K, reserved 1073152K
  class space    used 3162K, capacity 3389K, committed 3504K, reserved 1048576K
}

