<?xml version="1.0" encoding="UTF-8"?>
<testsuite xmlns:xsi="http://www.w3.org/2001/XMLSchema-instance" xsi:noNamespaceSchemaLocation="https://maven.apache.org/surefire/maven-surefire-plugin/xsd/surefire-test-report-3.0.xsd" version="3.0" name="testrunners.Testrunners" time="509.898" tests="13" errors="0" skipped="0" failures="12">
  <properties>
[...]
</properties>
  <testcase name="feature[Login and Logout feature](1)" classname="testrunners.Testrunners" time="72.187">
    <failure message="org.openqa.selenium.TimeoutException: Expected condition failed: waiting for element to be clickable: By.xpath: //button[@aria-label=&apos;Logout&apos;] (tried for 60 second(s) with 500 milliseconds interval)" type="cucumber.runtime.CucumberException"><![CDATA[cucumber.runtime.CucumberException: org.openqa.selenium.TimeoutException: Expected condition failed: waiting for element to be clickable: By.xpath: //button[@aria-label='Logout'] (tried for 60 second(s) with 500 milliseconds interval)
Caused by: org.openqa.selenium.TimeoutException: Expected condition failed: waiting for element to be clickable: By.xpath: //button[@aria-label='Logout'] (tried for 60 second(s) with 500 milliseconds interval)
Caused by: org.openqa.selenium.NoSuchElementException: 
no such element: Unable to locate element: {"method":"xpath","selector":"//button[@aria-label='Logout']"}
  (Session info: chrome=107.0.5304.107)
For documentation on this error, please visit: https://www.seleniumhq.org/exceptions/no_such_element.html
Build info: version: '3.141.59', revision: 'e82be7d358', time: '2018-11-14T08:17:03'
System info: host: 'PAUL', ip: '192.168.1.3', os.name: 'Windows 11', os.arch: 'amd64', os.version: '10.0', java.version: '11.0.16'
Driver info: org.openqa.selenium.chrome.ChromeDriver
Capabilities {acceptInsecureCerts: false, browserName: chrome, browserVersion: 107.0.5304.107, chrome: {chromedriverVersion: 107.0.5304.62 (1eec40d3a576..., userDataDir: C:\Users\paul\AppData\Local...}, goog:chromeOptions: {debuggerAddress: localhost:51544}, javascriptEnabled: true, networkConnectionEnabled: false, pageLoadStrategy: normal, platform: WINDOWS, platformName: WINDOWS, proxy: Proxy(), setWindowRect: true, strictFileInteractability: false, timeouts: {implicit: 0, pageLoad: 300000, script: 30000}, unhandledPromptBehavior: dismiss and notify, webauthn:extension:credBlob: true, webauthn:extension:largeBlob: true, webauthn:virtualAuthenticators: true}
Session ID: dc1bf2cd84a5d875e14c5b8e883da604
*** Element info: {Using=xpath, value=//button[@aria-label='Logout']}
]]></failure>
    <system-out><![CDATA[@tag
Feature: Login and Logout feature
  I want to use this to verify login and logout

  @tag1
  Scenario: verify login and logout functionality                      &amp#27;[90m# 01_loginlogout.feature:6&amp#27;[0m
    &amp#27;[32mGiven &amp#27;[0m&amp#27;[32mLaunch Application using valid URL&amp#27;[0m                           &amp#27;[90m# Stepdef.launch_Application_using_valid_URL()&amp#27;[0m
    &amp#27;[32mThen &amp#27;[0m&amp#27;[32maccept cookies and choose login type&amp#27;[0m                          &amp#27;[90m# Stepdef.accept_cookies_and_choose_login_type()&amp#27;[0m
    &amp#27;[32mWhen &amp#27;[0m&amp#27;[32menters valid credentials "&amp#27;[0m&amp#27;[32m&amp#27;[1mpaul@trainingqa.com&amp#27;[0m&amp#27;[32m" and "&amp#27;[0m&amp#27;[32m&amp#27;[1mXPAStag0&amp#27;[0m&amp#27;[32m"&amp#27;[0m &amp#27;[90m# Stepdef.enters_valid_credentials_and(String,String)&amp#27;[0m
    &amp#27;[32mThen &amp#27;[0m&amp#27;[32mverify captcha and click on Login button&amp#27;[0m                      &amp#27;[90m# Stepdef.verify_captcha_and_click_on_Login_button()&amp#27;[0m

  @Logout
  Scenario: Verify Recruiter Ai Logout Functionality &amp#27;[90m# 01_loginlogout.feature:13&amp#27;[0m
    &amp#27;[31mGiven &amp#27;[0m&amp#27;[31mClick on Logout Button&amp#27;[0m                     &amp#27;[90m# Stepdef.click_on_Logout_Button()&amp#27;[0m
      &amp#27;[31morg.openqa.selenium.TimeoutException: Expected condition failed: waiting for element to be clickable: By.xpath: //button[@aria-label='Logout'] (tried for 60 second(s) with 500 milliseconds interval)
      	at org.openqa.selenium.support.ui.WebDriverWait.timeoutException(WebDriverWait.java:95)
      	at org.openqa.selenium.support.ui.FluentWait.until(FluentWait.java:272)
      	at stepdef.Stepdef.click_on_Logout_Button(Stepdef.java:82)
      	at ?.Given Click on Logout Button(01_loginlogout.feature:14)
      Caused by: org.openqa.selenium.NoSuchElementException: no such element: Unable to locate element: {"method":"xpath","selector":"//button[@aria-label='Logout']"}
        (Session info: chrome=107.0.5304.107)
      For documentation on this error, please visit: https://www.seleniumhq.org/exceptions/no_such_element.html
      Build info: version: '3.141.59', revision: 'e82be7d358', time: '2018-11-14T08:17:03'
      System info: host: 'PAUL', ip: '192.168.1.3', os.name: 'Windows 11', os.arch: 'amd64', os.version: '10.0', java.version: '11.0.16'
      Driver info: org.openqa.selenium.chrome.ChromeDriver
      Capabilities {acceptInsecureCerts: false, browserName: chrome, browserVersion: 107.0.5304.107, chrome: {chromedriverVersion: 107.0.5304.62 (1eec40d3a576..., userDataDir: C:\Users\paul\AppData\Local...}, goog:chromeOptions: {debuggerAddress: localhost:51544}, javascriptEnabled: true, networkConnectionEnabled: false, pageLoadStrategy: normal, platform: WINDOWS, platformName: WINDOWS, proxy: Proxy(), setWindowRect: true, strictFileInteractability: false, timeouts: {implicit: 0, pageLoad: 300000, script: 30000}, unhandledPromptBehavior: dismiss and notify, webauthn:extension:credBlob: true, webauthn:extension:largeBlob: true, webauthn:virtualAuthenticators: true}
      Session ID: dc1bf2cd84a5d875e14c5b8e883da604
      *** Element info: {Using=xpath, value=//button[@aria-label='Logout']}
      	at java.base/jdk.internal.reflect.NativeConstructorAccessorImpl.newInstance0(Native Method)
      	at java.base/jdk.internal.reflect.NativeConstructorAccessorImpl.newInstance(NativeConstructorAccessorImpl.java:62)
      	at java.base/jdk.internal.reflect.DelegatingConstructorAccessorImpl.newInstance(DelegatingConstructorAccessorImpl.java:45)
      	at java.base/java.lang.reflect.Constructor.newInstance(Constructor.java:490)
      	at org.openqa.selenium.remote.http.W3CHttpResponseCodec.createException(W3CHttpResponseCodec.java:187)
      	at org.openqa.selenium.remote.http.W3CHttpResponseCodec.decode(W3CHttpResponseCodec.java:122)
      	at org.openqa.selenium.remote.http.W3CHttpResponseCodec.decode(W3CHttpResponseCodec.java:49)
      	at org.openqa.selenium.remote.HttpCommandExecutor.execute(HttpCommandExecutor.java:158)
      	at org.openqa.selenium.remote.service.DriverCommandExecutor.execute(DriverCommandExecutor.java:83)
      	at org.openqa.selenium.remote.RemoteWebDriver.execute(RemoteWebDriver.java:552)
      	at org.openqa.selenium.remote.RemoteWebDriver.findElement(RemoteWebDriver.java:323)
      	at org.openqa.selenium.remote.RemoteWebDriver.findElementByXPath(RemoteWebDriver.java:428)
      	at org.openqa.selenium.By$ByXPath.findElement(By.java:353)
      	at org.openqa.selenium.remote.RemoteWebDriver.findElement(RemoteWebDriver.java:315)
      	at org.openqa.selenium.support.ui.ExpectedConditions$7.apply(ExpectedConditions.java:205)
      	at org.openqa.selenium.support.ui.ExpectedConditions$7.apply(ExpectedConditions.java:201)
      	at org.openqa.selenium.support.ui.ExpectedConditions$22.apply(ExpectedConditions.java:641)
      	at org.openqa.selenium.support.ui.ExpectedConditions$22.apply(ExpectedConditions.java:638)
      	at org.openqa.selenium.support.ui.FluentWait.until(FluentWait.java:249)
      	at stepdef.Stepdef.click_on_Logout_Button(Stepdef.java:82)
      	at java.base/jdk.internal.reflect.NativeMethodAccessorImpl.invoke0(Native Method)
      	at java.base/jdk.internal.reflect.NativeMethodAccessorImpl.invoke(NativeMethodAccessorImpl.java:62)
      	at java.base/jdk.internal.reflect.DelegatingMethodAccessorImpl.invoke(DelegatingMethodAccessorImpl.java:43)
      	at java.base/java.lang.reflect.Method.invoke(Method.java:566)
      	at cucumber.runtime.Utils$1.call(Utils.java:40)
      	at cucumber.runtime.Timeout.timeout(Timeout.java:16)
      	at cucumber.runtime.Utils.invoke(Utils.java:34)
      	at cucumber.runtime.java.JavaStepDefinition.execute(JavaStepDefinition.java:38)
      	at cucumber.runtime.StepDefinitionMatch.runStep(StepDefinitionMatch.java:37)
      	at cucumber.runtime.Runtime.runStep(Runtime.java:300)
      	at cucumber.runtime.model.StepContainer.runStep(StepContainer.java:44)
      	at cucumber.runtime.model.StepContainer.runSteps(StepContainer.java:39)
      	at cucumber.runtime.model.CucumberScenario.run(CucumberScenario.java:44)
      	at cucumber.runtime.model.CucumberFeature.run(CucumberFeature.java:165)
      	at cucumber.api.testng.TestNGCucumberRunner.runCucumber(TestNGCucumberRunner.java:63)
      	at cucumber.api.testng.AbstractTestNGCucumberTests.feature(AbstractTestNGCucumberTests.java:21)
      	at java.base/jdk.internal.reflect.NativeMethodAccessorImpl.invoke0(Native Method)
      	at java.base/jdk.internal.reflect.NativeMethodAccessorImpl.invoke(NativeMethodAccessorImpl.java:62)
      	at java.base/jdk.internal.reflect.DelegatingMethodAccessorImpl.invoke(DelegatingMethodAccessorImpl.java:43)
      	at java.base/java.lang.reflect.Method.invoke(Method.java:566)
      	at org.testng.internal.MethodInvocationHelper.invokeMethod(MethodInvocationHelper.java:124)
      	at org.testng.internal.Invoker.invokeMethod(Invoker.java:583)
      	at org.testng.internal.Invoker.invokeTestMethod(Invoker.java:719)
      	at org.testng.internal.Invoker.invokeTestMethods(Invoker.java:989)
      	at org.testng.internal.TestMethodWorker.invokeTestMethods(TestMethodWorker.java:125)
      	at org.testng.internal.TestMethodWorker.run(TestMethodWorker.java:109)
      	at org.testng.TestRunner.privateRun(TestRunner.java:648)
      	at org.testng.TestRunner.run(TestRunner.java:505)
      	at org.testng.SuiteRunner.runTest(SuiteRunner.java:455)
      	at org.testng.SuiteRunner.runSequentially(SuiteRunner.java:450)
      	at org.testng.SuiteRunner.privateRun(SuiteRunner.java:415)
      	at org.testng.SuiteRunner.run(SuiteRunner.java:364)
      	at org.testng.SuiteRunnerWorker.runSuite(SuiteRunnerWorker.java:52)
      	at org.testng.SuiteRunnerWorker.run(SuiteRunnerWorker.java:84)
      	at org.testng.TestNG.runSuitesSequentially(TestNG.java:1208)
      	at org.testng.TestNG.runSuitesLocally(TestNG.java:1137)
      	at org.testng.TestNG.runSuites(TestNG.java:1049)
      	at org.testng.TestNG.run(TestNG.java:1017)
      	at org.apache.maven.surefire.testng.TestNGExecutor.run(TestNGExecutor.java:136)
      	at org.apache.maven.surefire.testng.TestNGDirectoryTestSuite.executeSingleClass(TestNGDirectoryTestSuite.java:112)
      	at org.apache.maven.surefire.testng.TestNGDirectoryTestSuite.execute(TestNGDirectoryTestSuite.java:99)
      	at org.apache.maven.surefire.testng.TestNGProvider.invoke(TestNGProvider.java:145)
      	at org.apache.maven.surefire.booter.ForkedBooter.runSuitesInProcess(ForkedBooter.java:428)
      	at org.apache.maven.surefire.booter.ForkedBooter.execute(ForkedBooter.java:162)
      	at org.apache.maven.surefire.booter.ForkedBooter.run(ForkedBooter.java:562)
      	at org.apache.maven.surefire.booter.ForkedBooter.main(ForkedBooter.java:548)
      &amp#27;[0m
]]></system-out>
    <system-err><![CDATA[Starting ChromeDriver 107.0.5304.62 (1eec40d3a5764881c92085aaee66d25075c159aa-refs/branch-heads/5304@{#942}) on port 17812
Only local connections are allowed.
Please see https://chromedriver.chromium.org/security-considerations for suggestions on keeping ChromeDriver safe.
ChromeDriver was started successfully.
Nov 19, 2022 1:42:33 PM org.openqa.selenium.remote.ProtocolHandshake createSession
INFO: Detected dialect: W3C
]]></system-err>
  </testcase>
  <testcase name="feature[Create new Job with Basic Information](2)" classname="testrunners.Testrunners" time="48.641">
    <failure message="org.openqa.selenium.TimeoutException: Expected condition failed: waiting for element to be clickable: By.xpath: /html/body/section/div[1]/div/header/nav/ul/li[2]/a (tried for 30 second(s) with 500 milliseconds interval)" type="cucumber.runtime.CucumberException"><![CDATA[cucumber.runtime.CucumberException: org.openqa.selenium.TimeoutException: Expected condition failed: waiting for element to be clickable: By.xpath: /html/body/section/div[1]/div/header/nav/ul/li[2]/a (tried for 30 second(s) with 500 milliseconds interval)
Caused by: org.openqa.selenium.TimeoutException: Expected condition failed: waiting for element to be clickable: By.xpath: /html/body/section/div[1]/div/header/nav/ul/li[2]/a (tried for 30 second(s) with 500 milliseconds interval)
Caused by: org.openqa.selenium.NoSuchElementException: 
no such element: Unable to locate element: {"method":"xpath","selector":"/html/body/section/div[1]/div/header/nav/ul/li[2]/a"}
  (Session info: chrome=107.0.5304.107)
For documentation on this error, please visit: https://www.seleniumhq.org/exceptions/no_such_element.html
Build info: version: '3.141.59', revision: 'e82be7d358', time: '2018-11-14T08:17:03'
System info: host: 'PAUL', ip: '192.168.1.3', os.name: 'Windows 11', os.arch: 'amd64', os.version: '10.0', java.version: '11.0.16'
Driver info: org.openqa.selenium.chrome.ChromeDriver
Capabilities {acceptInsecureCerts: false, browserName: chrome, browserVersion: 107.0.5304.107, chrome: {chromedriverVersion: 107.0.5304.62 (1eec40d3a576..., userDataDir: C:\Users\paul\AppData\Local...}, goog:chromeOptions: {debuggerAddress: localhost:51676}, javascriptEnabled: true, networkConnectionEnabled: false, pageLoadStrategy: normal, platform: WINDOWS, platformName: WINDOWS, proxy: Proxy(), setWindowRect: true, strictFileInteractability: false, timeouts: {implicit: 0, pageLoad: 300000, script: 30000}, unhandledPromptBehavior: dismiss and notify, webauthn:extension:credBlob: true, webauthn:extension:largeBlob: true, webauthn:virtualAuthenticators: true}
Session ID: 610178eab5cfa3194c222111631a71ec
*** Element info: {Using=xpath, value=/html/body/section/div[1]/div/header/nav/ul/li[2]/a}
]]></failure>
    <system-out><![CDATA[@tag
Feature: Create new Job with Basic Information

  @Login @Before
  Scenario: Verify Recruiter Ai Login Functionality                    &amp#27;[90m# 02_createbasicjob.feature:6&amp#27;[0m
    &amp#27;[32mGiven &amp#27;[0m&amp#27;[32mLaunch Application using valid URL&amp#27;[0m                           &amp#27;[90m# Stepdef.launch_Application_using_valid_URL()&amp#27;[0m
    &amp#27;[32mThen &amp#27;[0m&amp#27;[32maccept cookies and choose login type&amp#27;[0m                          &amp#27;[90m# Stepdef.accept_cookies_and_choose_login_type()&amp#27;[0m
    &amp#27;[32mWhen &amp#27;[0m&amp#27;[32menters valid credentials "&amp#27;[0m&amp#27;[32m&amp#27;[1mpaul@trainingqa.com&amp#27;[0m&amp#27;[32m" and "&amp#27;[0m&amp#27;[32m&amp#27;[1mXPAStag0&amp#27;[0m&amp#27;[32m"&amp#27;[0m &amp#27;[90m# Stepdef.enters_valid_credentials_and(String,String)&amp#27;[0m
    &amp#27;[32mThen &amp#27;[0m&amp#27;[32mverify captcha and click on Login button&amp#27;[0m                      &amp#27;[90m# Stepdef.verify_captcha_and_click_on_Login_button()&amp#27;[0m

  @CreateNewJob
  Scenario Outline: Verify create new job functionality with basic information &amp#27;[90m# 02_createbasicjob.feature:13&amp#27;[0m
    &amp#27;[36mGiven &amp#27;[0m&amp#27;[36mRecruiter clicks on Jobs Menu&amp#27;[0m
    &amp#27;[36mThen &amp#27;[0m&amp#27;[36mselect create new job section&amp#27;[0m
    &amp#27;[36mWhen &amp#27;[0m&amp#27;[36mclick on Start button of form&amp#27;[0m
    &amp#27;[36mAnd &amp#27;[0m&amp#27;[36mchoose office address "<office address>"&amp#27;[0m
    &amp#27;[36mAnd &amp#27;[0m&amp#27;[36madd Job Title as "<job title>"&amp#27;[0m
    &amp#27;[36mAnd &amp#27;[0m&amp#27;[36madd internal code for job "<internal code>"&amp#27;[0m
    &amp#27;[36mAnd &amp#27;[0m&amp#27;[36mselect Job Status as "<job status>"&amp#27;[0m
    &amp#27;[36mAnd &amp#27;[0m&amp#27;[36mchoose candidates from other countries&amp#27;[0m
    &amp#27;[36mAnd &amp#27;[0m&amp#27;[36menable rank and file job&amp#27;[0m
    &amp#27;[36mAnd &amp#27;[0m&amp#27;[36mSelect Country Location "<country location>"&amp#27;[0m
    &amp#27;[36mAnd &amp#27;[0m&amp#27;[36mSelect City location "<city location>"&amp#27;[0m
    &amp#27;[36mAnd &amp#27;[0m&amp#27;[36madd skills "<skill 1>" and "<skill 2>"&amp#27;[0m
    &amp#27;[36mAnd &amp#27;[0m&amp#27;[36madd Qualification "<qualification>"&amp#27;[0m
    &amp#27;[36mAnd &amp#27;[0m&amp#27;[36madd job type in emp details as "<job type>"&amp#27;[0m
    &amp#27;[36mAnd &amp#27;[0m&amp#27;[36mselect minimum experience as "<min exp>"&amp#27;[0m
    &amp#27;[36mAnd &amp#27;[0m&amp#27;[36mselect maximum experience as "<max exp>"&amp#27;[0m
    &amp#27;[36mAnd &amp#27;[0m&amp#27;[36mchoose Employment type as "<emp type>"&amp#27;[0m
    &amp#27;[36mAnd &amp#27;[0m&amp#27;[36mchoose no of vacancies "<vacancies>"&amp#27;[0m
    &amp#27;[36mAnd &amp#27;[0m&amp#27;[36mchoose close date of job "<mdyclosedate>"&amp#27;[0m
    &amp#27;[36mAnd &amp#27;[0m&amp#27;[36madd Job Description "<job discription>"&amp#27;[0m
    &amp#27;[36mAnd &amp#27;[0m&amp#27;[36madd Job Requirements "<job requirements>"&amp#27;[0m
    &amp#27;[36mAnd &amp#27;[0m&amp#27;[36mchoose primary recruiter "<primary recruiter>"&amp#27;[0m
    &amp#27;[36mAnd &amp#27;[0m&amp#27;[36mclick on submit button of job&amp#27;[0m
    &amp#27;[36mAnd &amp#27;[0m&amp#27;[36mclick on view job button&amp#27;[0m
    &amp#27;[36mThen &amp#27;[0m&amp#27;[36mcopy the job link&amp#27;[0m

    Examples: 

  @tag @CreateNewJob
  Scenario Outline: Verify create new job functionality with basic information &amp#27;[90m# 02_createbasicjob.feature:43&amp#27;[0m
    &amp#27;[31mGiven &amp#27;[0m&amp#27;[31mRecruiter clicks on Jobs Menu&amp#27;[0m                                        &amp#27;[90m# Stepdef.recruiter_clicks_on_Jobs_Menu()&amp#27;[0m
      &amp#27;[31morg.openqa.selenium.TimeoutException: Expected condition failed: waiting for element to be clickable: By.xpath: /html/body/section/div[1]/div/header/nav/ul/li[2]/a (tried for 30 second(s) with 500 milliseconds interval)
      	at org.openqa.selenium.support.ui.WebDriverWait.timeoutException(WebDriverWait.java:95)
      	at org.openqa.selenium.support.ui.FluentWait.until(FluentWait.java:272)
      	at stepdef.Stepdef.recruiter_clicks_on_Jobs_Menu(Stepdef.java:90)
      	at ?.Given Recruiter clicks on Jobs Menu(02_createbasicjob.feature:14)
      Caused by: org.openqa.selenium.NoSuchElementException: no such element: Unable to locate element: {"method":"xpath","selector":"/html/body/section/div[1]/div/header/nav/ul/li[2]/a"}
        (Session info: chrome=107.0.5304.107)
      For documentation on this error, please visit: https://www.seleniumhq.org/exceptions/no_such_element.html
      Build info: version: '3.141.59', revision: 'e82be7d358', time: '2018-11-14T08:17:03'
      System info: host: 'PAUL', ip: '192.168.1.3', os.name: 'Windows 11', os.arch: 'amd64', os.version: '10.0', java.version: '11.0.16'
      Driver info: org.openqa.selenium.chrome.ChromeDriver
      Capabilities {acceptInsecureCerts: false, browserName: chrome, browserVersion: 107.0.5304.107, chrome: {chromedriverVersion: 107.0.5304.62 (1eec40d3a576..., userDataDir: C:\Users\paul\AppData\Local...}, goog:chromeOptions: {debuggerAddress: localhost:51676}, javascriptEnabled: true, networkConnectionEnabled: false, pageLoadStrategy: normal, platform: WINDOWS, platformName: WINDOWS, proxy: Proxy(), setWindowRect: true, strictFileInteractability: false, timeouts: {implicit: 0, pageLoad: 300000, script: 30000}, unhandledPromptBehavior: dismiss and notify, webauthn:extension:credBlob: true, webauthn:extension:largeBlob: true, webauthn:virtualAuthenticators: true}
      Session ID: 610178eab5cfa3194c222111631a71ec
      *** Element info: {Using=xpath, value=/html/body/section/div[1]/div/header/nav/ul/li[2]/a}
      	at java.base/jdk.internal.reflect.NativeConstructorAccessorImpl.newInstance0(Native Method)
      	at java.base/jdk.internal.reflect.NativeConstructorAccessorImpl.newInstance(NativeConstructorAccessorImpl.java:62)
      	at java.base/jdk.internal.reflect.DelegatingConstructorAccessorImpl.newInstance(DelegatingConstructorAccessorImpl.java:45)
      	at java.base/java.lang.reflect.Constructor.newInstance(Constructor.java:490)
      	at org.openqa.selenium.remote.http.W3CHttpResponseCodec.createException(W3CHttpResponseCodec.java:187)
      	at org.openqa.selenium.remote.http.W3CHttpResponseCodec.decode(W3CHttpResponseCodec.java:122)
      	at org.openqa.selenium.remote.http.W3CHttpResponseCodec.decode(W3CHttpResponseCodec.java:49)
      	at org.openqa.selenium.remote.HttpCommandExecutor.execute(HttpCommandExecutor.java:158)
      	at org.openqa.selenium.remote.service.DriverCommandExecutor.execute(DriverCommandExecutor.java:83)
      	at org.openqa.selenium.remote.RemoteWebDriver.execute(RemoteWebDriver.java:552)
      	at org.openqa.selenium.remote.RemoteWebDriver.findElement(RemoteWebDriver.java:323)
      	at org.openqa.selenium.remote.RemoteWebDriver.findElementByXPath(RemoteWebDriver.java:428)
      	at org.openqa.selenium.By$ByXPath.findElement(By.java:353)
      	at org.openqa.selenium.remote.RemoteWebDriver.findElement(RemoteWebDriver.java:315)
      	at org.openqa.selenium.support.ui.ExpectedConditions$7.apply(ExpectedConditions.java:205)
      	at org.openqa.selenium.support.ui.ExpectedConditions$7.apply(ExpectedConditions.java:201)
      	at org.openqa.selenium.support.ui.ExpectedConditions$22.apply(ExpectedConditions.java:641)
      	at org.openqa.selenium.support.ui.ExpectedConditions$22.apply(ExpectedConditions.java:638)
      	at org.openqa.selenium.support.ui.FluentWait.until(FluentWait.java:249)
      	at stepdef.Stepdef.recruiter_clicks_on_Jobs_Menu(Stepdef.java:90)
      	at java.base/jdk.internal.reflect.NativeMethodAccessorImpl.invoke0(Native Method)
      	at java.base/jdk.internal.reflect.NativeMethodAccessorImpl.invoke(NativeMethodAccessorImpl.java:62)
      	at java.base/jdk.internal.reflect.DelegatingMethodAccessorImpl.invoke(DelegatingMethodAccessorImpl.java:43)
      	at java.base/java.lang.reflect.Method.invoke(Method.java:566)
      	at cucumber.runtime.Utils$1.call(Utils.java:40)
      	at cucumber.runtime.Timeout.timeout(Timeout.java:16)
      	at cucumber.runtime.Utils.invoke(Utils.java:34)
      	at cucumber.runtime.java.JavaStepDefinition.execute(JavaStepDefinition.java:38)
      	at cucumber.runtime.StepDefinitionMatch.runStep(StepDefinitionMatch.java:37)
      	at cucumber.runtime.Runtime.runStep(Runtime.java:300)
      	at cucumber.runtime.model.StepContainer.runStep(StepContainer.java:44)
      	at cucumber.runtime.model.StepContainer.runSteps(StepContainer.java:39)
      	at cucumber.runtime.model.CucumberScenario.run(CucumberScenario.java:44)
      	at cucumber.runtime.model.CucumberScenarioOutline.run(CucumberScenarioOutline.java:46)
      	at cucumber.runtime.model.CucumberFeature.run(CucumberFeature.java:165)
      	at cucumber.api.testng.TestNGCucumberRunner.runCucumber(TestNGCucumberRunner.java:63)
      	at cucumber.api.testng.AbstractTestNGCucumberTests.feature(AbstractTestNGCucumberTests.java:21)
      	at java.base/jdk.internal.reflect.NativeMethodAccessorImpl.invoke0(Native Method)
      	at java.base/jdk.internal.reflect.NativeMethodAccessorImpl.invoke(NativeMethodAccessorImpl.java:62)
      	at java.base/jdk.internal.reflect.DelegatingMethodAccessorImpl.invoke(DelegatingMethodAccessorImpl.java:43)
      	at java.base/java.lang.reflect.Method.invoke(Method.java:566)
      	at org.testng.internal.MethodInvocationHelper.invokeMethod(MethodInvocationHelper.java:124)
      	at org.testng.internal.Invoker.invokeMethod(Invoker.java:583)
      	at org.testng.internal.Invoker.invokeTestMethod(Invoker.java:719)
      	at org.testng.internal.Invoker.invokeTestMethods(Invoker.java:989)
      	at org.testng.internal.TestMethodWorker.invokeTestMethods(TestMethodWorker.java:125)
      	at org.testng.internal.TestMethodWorker.run(TestMethodWorker.java:109)
      	at org.testng.TestRunner.privateRun(TestRunner.java:648)
      	at org.testng.TestRunner.run(TestRunner.java:505)
      	at org.testng.SuiteRunner.runTest(SuiteRunner.java:455)
      	at org.testng.SuiteRunner.runSequentially(SuiteRunner.java:450)
      	at org.testng.SuiteRunner.privateRun(SuiteRunner.java:415)
      	at org.testng.SuiteRunner.run(SuiteRunner.java:364)
      	at org.testng.SuiteRunnerWorker.runSuite(SuiteRunnerWorker.java:52)
      	at org.testng.SuiteRunnerWorker.run(SuiteRunnerWorker.java:84)
      	at org.testng.TestNG.runSuitesSequentially(TestNG.java:1208)
      	at org.testng.TestNG.runSuitesLocally(TestNG.java:1137)
      	at org.testng.TestNG.runSuites(TestNG.java:1049)
      	at org.testng.TestNG.run(TestNG.java:1017)
      	at org.apache.maven.surefire.testng.TestNGExecutor.run(TestNGExecutor.java:136)
      	at org.apache.maven.surefire.testng.TestNGDirectoryTestSuite.executeSingleClass(TestNGDirectoryTestSuite.java:112)
      	at org.apache.maven.surefire.testng.TestNGDirectoryTestSuite.execute(TestNGDirectoryTestSuite.java:99)
      	at org.apache.maven.surefire.testng.TestNGProvider.invoke(TestNGProvider.java:145)
      	at org.apache.maven.surefire.booter.ForkedBooter.runSuitesInProcess(ForkedBooter.java:428)
      	at org.apache.maven.surefire.booter.ForkedBooter.execute(ForkedBooter.java:162)
      	at org.apache.maven.surefire.booter.ForkedBooter.run(ForkedBooter.java:562)
      	at org.apache.maven.surefire.booter.ForkedBooter.main(ForkedBooter.java:548)
      &amp#27;[0m
    &amp#27;[36mThen &amp#27;[0m&amp#27;[36mselect create new job section&amp#27;[0m                                         &amp#27;[90m# Stepdef.select_create_new_job_section()&amp#27;[0m
    &amp#27;[36mWhen &amp#27;[0m&amp#27;[36mclick on Start button of form&amp#27;[0m                                         &amp#27;[90m# Stepdef.click_on_Start_button_of_form()&amp#27;[0m
    &amp#27;[36mAnd &amp#27;[0m&amp#27;[36mchoose office address "&amp#27;[0m&amp#27;[36m&amp#27;[1mHyderabad&amp#27;[0m&amp#27;[36m"&amp#27;[0m                                      &amp#27;[90m# Stepdef.choose_office_address(String)&amp#27;[0m
    &amp#27;[36mAnd &amp#27;[0m&amp#27;[36madd Job Title as "&amp#27;[0m&amp#27;[36m&amp#27;[1msoftware Tester&amp#27;[0m&amp#27;[36m"&amp#27;[0m                                     &amp#27;[90m# Stepdef.add_Job_Title_as(String)&amp#27;[0m
    &amp#27;[36mAnd &amp#27;[0m&amp#27;[36madd internal code for job "&amp#27;[0m&amp#27;[36m&amp#27;[1mJob0001&amp#27;[0m&amp#27;[36m"&amp#27;[0m                                    &amp#27;[90m# Stepdef.add_internal_code_for_job(String)&amp#27;[0m
    &amp#27;[36mAnd &amp#27;[0m&amp#27;[36mselect Job Status as "&amp#27;[0m&amp#27;[36m&amp#27;[1minternal&external&amp#27;[0m&amp#27;[36m"&amp#27;[0m                               &amp#27;[90m# Stepdef.select_Job_Status_as(String)&amp#27;[0m
    &amp#27;[36mAnd &amp#27;[0m&amp#27;[36mchoose candidates from other countries&amp#27;[0m                                 &amp#27;[90m# Stepdef.choose_candidates_from_other_countries()&amp#27;[0m
    &amp#27;[36mAnd &amp#27;[0m&amp#27;[36menable rank and file job&amp#27;[0m                                               &amp#27;[90m# Stepdef.enable_rank_and_file_job()&amp#27;[0m
    &amp#27;[36mAnd &amp#27;[0m&amp#27;[36mSelect Country Location "&amp#27;[0m&amp#27;[36m&amp#27;[1mIndia&amp#27;[0m&amp#27;[36m"&amp#27;[0m                                        &amp#27;[90m# Stepdef.select_Country_Location(String)&amp#27;[0m
    &amp#27;[36mAnd &amp#27;[0m&amp#27;[36mSelect City location "&amp#27;[0m&amp#27;[36m&amp#27;[1mHyderabad&amp#27;[0m&amp#27;[36m"&amp#27;[0m                                       &amp#27;[90m# Stepdef.select_City_location(String)&amp#27;[0m
    &amp#27;[36mAnd &amp#27;[0m&amp#27;[36madd skills "&amp#27;[0m&amp#27;[36m&amp#27;[1mjava&amp#27;[0m&amp#27;[36m" and "&amp#27;[0m&amp#27;[36m&amp#27;[1msql&amp#27;[0m&amp#27;[36m"&amp#27;[0m                                            &amp#27;[90m# Stepdef.add_skills_and(String,String)&amp#27;[0m
    &amp#27;[36mAnd &amp#27;[0m&amp#27;[36madd Qualification "&amp#27;[0m&amp#27;[36m&amp#27;[1mBachelor's degree&amp#27;[0m&amp#27;[36m"&amp#27;[0m                                  &amp#27;[90m# Stepdef.add_Qualification(String)&amp#27;[0m
    &amp#27;[36mAnd &amp#27;[0m&amp#27;[36madd job type in emp details as "&amp#27;[0m&amp#27;[36m&amp#27;[1mPermanent&amp#27;[0m&amp#27;[36m"&amp#27;[0m                             &amp#27;[90m# Stepdef.add_job_type_in_emp_details_as(String)&amp#27;[0m
    &amp#27;[36mAnd &amp#27;[0m&amp#27;[36mselect minimum experience as "&amp#27;[0m&amp#27;[36m&amp#27;[1m2&amp#27;[0m&amp#27;[36m"&amp#27;[0m                                       &amp#27;[90m# Stepdef.select_minimum_experience_as(String)&amp#27;[0m
    &amp#27;[36mAnd &amp#27;[0m&amp#27;[36mselect maximum experience as "&amp#27;[0m&amp#27;[36m&amp#27;[1m10&amp#27;[0m&amp#27;[36m"&amp#27;[0m                                      &amp#27;[90m# Stepdef.select_maximum_experience_as(String)&amp#27;[0m
    &amp#27;[36mAnd &amp#27;[0m&amp#27;[36mchoose Employment type as "&amp#27;[0m&amp#27;[36m&amp#27;[1mfull-time&amp#27;[0m&amp#27;[36m"&amp#27;[0m                                  &amp#27;[90m# Stepdef.choose_Employment_type_as(String)&amp#27;[0m
    &amp#27;[36mAnd &amp#27;[0m&amp#27;[36mchoose no of vacancies "&amp#27;[0m&amp#27;[36m&amp#27;[1m15&amp#27;[0m&amp#27;[36m"&amp#27;[0m                                            &amp#27;[90m# Stepdef.choose_no_of_vacancies(String)&amp#27;[0m
    &amp#27;[36mAnd &amp#27;[0m&amp#27;[36mchoose close date of job "&amp#27;[0m&amp#27;[36m&amp#27;[1m12/02/2022&amp#27;[0m&amp#27;[36m"&amp#27;[0m                                  &amp#27;[90m# Stepdef.choose_close_date_of_job(String)&amp#27;[0m
    &amp#27;[36mAnd &amp#27;[0m&amp#27;[36madd Job Description "&amp#27;[0m&amp#27;[36m&amp#27;[1mcandidate should be expert in java&amp#27;[0m&amp#27;[36m"&amp#27;[0m               &amp#27;[90m# Stepdef.add_Job_Description(String)&amp#27;[0m
    &amp#27;[36mAnd &amp#27;[0m&amp#27;[36madd Job Requirements "&amp#27;[0m&amp#27;[36m&amp#27;[1m3 years experience&amp#27;[0m&amp#27;[36m"&amp#27;[0m                              &amp#27;[90m# Stepdef.add_Job_Requirements(String)&amp#27;[0m
    &amp#27;[36mAnd &amp#27;[0m&amp#27;[36mchoose primary recruiter "&amp#27;[0m&amp#27;[36m&amp#27;[1manand paul&amp#27;[0m&amp#27;[36m"&amp#27;[0m                                  &amp#27;[90m# Stepdef.choose_primary_recruiter(String)&amp#27;[0m
    &amp#27;[36mAnd &amp#27;[0m&amp#27;[36mclick on submit button of job&amp#27;[0m                                          &amp#27;[90m# Stepdef.click_on_submit_button_of_job()&amp#27;[0m
    &amp#27;[36mAnd &amp#27;[0m&amp#27;[36mclick on view job button&amp#27;[0m                                               &amp#27;[90m# Stepdef.click_on_view_job_button()&amp#27;[0m
    &amp#27;[36mThen &amp#27;[0m&amp#27;[36mcopy the job link&amp#27;[0m                                                     &amp#27;[90m# Stepdef.copy_the_job_link()&amp#27;[0m
]]></system-out>
    <system-err><![CDATA[Starting ChromeDriver 107.0.5304.62 (1eec40d3a5764881c92085aaee66d25075c159aa-refs/branch-heads/5304@{#942}) on port 25852
Only local connections are allowed.
Please see https://chromedriver.chromium.org/security-considerations for suggestions on keeping ChromeDriver safe.
ChromeDriver was started successfully.
Nov 19, 2022 1:43:43 PM org.openqa.selenium.remote.ProtocolHandshake createSession
INFO: Detected dialect: W3C
]]></system-err>
  </testcase>
  <testcase name="feature[Candidate apply for job as Guest](3)" classname="testrunners.Testrunners" time="1.376">
    <failure message="java.lang.NullPointerException: null value in entry: url=null" type="cucumber.runtime.CucumberException"><![CDATA[cucumber.runtime.CucumberException: java.lang.NullPointerException: null value in entry: url=null
Caused by: java.lang.NullPointerException: null value in entry: url=null
]]></failure>
    <system-out><![CDATA[@tag
Feature: Candidate apply for job as Guest

  #@Guestapplyjob
  #Scenario:Verify Candidate apply for job as a guest
  @Application
  Scenario Outline: Verify guest candidate able to fill job Application &amp#27;[90m# 03_guestapply.feature:9&amp#27;[0m
    &amp#27;[36mGiven &amp#27;[0m&amp#27;[36mCandidate clicks on job link&amp#27;[0m
    &amp#27;[36mWhen &amp#27;[0m&amp#27;[36mCandidate clicks on apply button of Job&amp#27;[0m
    &amp#27;[36mAnd &amp#27;[0m&amp#27;[36mcandidate choose to apply as guest&amp#27;[0m
    &amp#27;[36mAnd &amp#27;[0m&amp#27;[36mCandidate enters first name "<firstname>"&amp#27;[0m
    &amp#27;[36mAnd &amp#27;[0m&amp#27;[36mCandidate enters last name "<lastname>"&amp#27;[0m
    &amp#27;[36mAnd &amp#27;[0m&amp#27;[36mCandidate  chooses Country "<country>"&amp#27;[0m
    &amp#27;[36mAnd &amp#27;[0m&amp#27;[36mCandidate enters phone no "<phoneno>"&amp#27;[0m
    &amp#27;[36mAnd &amp#27;[0m&amp#27;[36mCandidate enters Email Address "<mail>"&amp#27;[0m
    &amp#27;[36mAnd &amp#27;[0m&amp#27;[36mCandidate uploads his resume&amp#27;[0m
    &amp#27;[36mThen &amp#27;[0m&amp#27;[36mCandidate accepts terms and conditions by clicking on checkbox&amp#27;[0m
    &amp#27;[36mAnd &amp#27;[0m&amp#27;[36mclicks on Next Button&amp#27;[0m
    &amp#27;[36mWhen &amp#27;[0m&amp#27;[36mcandidate fills about me text field&amp#27;[0m
    &amp#27;[36mWhen &amp#27;[0m&amp#27;[36mCandidate clicks on edit option of EducationA&amp#27;[0m
    &amp#27;[36mAnd &amp#27;[0m&amp#27;[36menters InstituteA Name "<institute-a>"&amp#27;[0m
    &amp#27;[36mAnd &amp#27;[0m&amp#27;[36mchoose country of instituteA&amp#27;[0m
    &amp#27;[36mAnd &amp#27;[0m&amp#27;[36mchoose city of instituteA "<cityofins-a>"&amp#27;[0m
    &amp#27;[36mAnd &amp#27;[0m&amp#27;[36mselect Qualification from InstituteA "<qualification-a>"&amp#27;[0m
    &amp#27;[36mAnd &amp#27;[0m&amp#27;[36mEnter CGPA got in InstituteA "<cgpa-a>"&amp#27;[0m
    &amp#27;[36mAnd &amp#27;[0m&amp#27;[36mchoose start date of InstituteA "<doj-ins-a>"&amp#27;[0m
    &amp#27;[36mAnd &amp#27;[0m&amp#27;[36mchoose ending date of InstitueA "<yop-ins-a>"&amp#27;[0m
    &amp#27;[36mAnd &amp#27;[0m&amp#27;[36mClick on Save Button of EduA&amp#27;[0m
    #  DELETE 2Q AND 3Q
    #When candidate clicks on delete Qb and Qc
    &amp#27;[36mWhen &amp#27;[0m&amp#27;[36mCandidate clicks on edit option of EducationB&amp#27;[0m
    &amp#27;[36mAnd &amp#27;[0m&amp#27;[36menters InstituteB Name "<institute-b>"&amp#27;[0m
    &amp#27;[36mAnd &amp#27;[0m&amp#27;[36mchoose country of instituteB&amp#27;[0m
    &amp#27;[36mAnd &amp#27;[0m&amp#27;[36mchoose city of instituteB "<cityofins-b>"&amp#27;[0m
    &amp#27;[36mAnd &amp#27;[0m&amp#27;[36mselect Qualification from InstituteB "<qualification-b>"&amp#27;[0m
    &amp#27;[36mAnd &amp#27;[0m&amp#27;[36mEnter CGPA got in InstituteB "<cgpa-b>"&amp#27;[0m
    &amp#27;[36mAnd &amp#27;[0m&amp#27;[36mchoose start date of InstituteB "<doj-ins-b>"&amp#27;[0m
    &amp#27;[36mAnd &amp#27;[0m&amp#27;[36mchoose ending date of InstitueB "<yop-ins-b>"&amp#27;[0m
    &amp#27;[36mAnd &amp#27;[0m&amp#27;[36mClick on Save Button of EduB&amp#27;[0m
    &amp#27;[36mWhen &amp#27;[0m&amp#27;[36mCandidate clicks on edit option of EducationC&amp#27;[0m
    &amp#27;[36mAnd &amp#27;[0m&amp#27;[36menters InstituteC Name "<institute-c>"&amp#27;[0m
    &amp#27;[36mAnd &amp#27;[0m&amp#27;[36mchoose country of instituteC&amp#27;[0m
    &amp#27;[36mAnd &amp#27;[0m&amp#27;[36mchoose city of instituteC "<cityofins-c>"&amp#27;[0m
    &amp#27;[36mAnd &amp#27;[0m&amp#27;[36mselect Qualification from InstituteC "<qualification-c>"&amp#27;[0m
    &amp#27;[36mAnd &amp#27;[0m&amp#27;[36mEnter CGPA got in InstituteC "<cgpa-c>"&amp#27;[0m
    &amp#27;[36mAnd &amp#27;[0m&amp#27;[36mchoose start date of InstituteC "<doj-ins-c>"&amp#27;[0m
    &amp#27;[36mAnd &amp#27;[0m&amp#27;[36mchoose ending date of InstitueC "<yop-ins-c>"&amp#27;[0m
    &amp#27;[36mAnd &amp#27;[0m&amp#27;[36mClick on Save Button of EduC&amp#27;[0m
    &amp#27;[36mWhen &amp#27;[0m&amp#27;[36mcandidate adds work experience&amp#27;[0m
    &amp#27;[36mWhen &amp#27;[0m&amp#27;[36mcandidate adds certifications&amp#27;[0m
    &amp#27;[36mThen &amp#27;[0m&amp#27;[36mcandidate clicks on add button of project&amp#27;[0m
    &amp#27;[36mWhen &amp#27;[0m&amp#27;[36mcandidate enters project title "<project-title>"&amp#27;[0m
    &amp#27;[36mAnd &amp#27;[0m&amp#27;[36mcandidate enters Description of project "<project-discription>"&amp#27;[0m
    &amp#27;[36mAnd &amp#27;[0m&amp#27;[36mCandidate selects project start and end dates&amp#27;[0m
    &amp#27;[36mAnd &amp#27;[0m&amp#27;[36mClick on Save button of project&amp#27;[0m
    &amp#27;[36mAnd &amp#27;[0m&amp#27;[36mCandidate click on next Button&amp#27;[0m
    &amp#27;[36mAnd &amp#27;[0m&amp#27;[36mcandidate rate for skills&amp#27;[0m
    &amp#27;[36mAnd &amp#27;[0m&amp#27;[36mcandidate click on submit button of Application&amp#27;[0m

    Examples: 

  @tag @Application
  Scenario Outline: Verify guest candidate able to fill job Application  &amp#27;[90m# 03_guestapply.feature:64&amp#27;[0m
    &amp#27;[31mGiven &amp#27;[0m&amp#27;[31mCandidate clicks on job link&amp#27;[0m                                   &amp#27;[90m# Stepdef.candidate_clicks_on_job_link()&amp#27;[0m
      &amp#27;[31mjava.lang.NullPointerException: null value in entry: url=null
      	at com.google.common.collect.CollectPreconditions.checkEntryNotNull(CollectPreconditions.java:32)
      	at com.google.common.collect.SingletonImmutableBiMap.<init>(SingletonImmutableBiMap.java:42)
      	at com.google.common.collect.ImmutableBiMap.of(ImmutableBiMap.java:72)
      	at com.google.common.collect.ImmutableMap.of(ImmutableMap.java:124)
      	at org.openqa.selenium.remote.RemoteWebDriver.get(RemoteWebDriver.java:277)
      	at org.openqa.selenium.remote.RemoteWebDriver$RemoteNavigation.to(RemoteWebDriver.java:857)
      	at stepdef.Stepdef.candidate_clicks_on_job_link(Stepdef.java:752)
      	at ?.Given Candidate clicks on job link(03_guestapply.feature:10)
      &amp#27;[0m
    &amp#27;[36mWhen &amp#27;[0m&amp#27;[36mCandidate clicks on apply button of Job&amp#27;[0m                         &amp#27;[90m# Stepdef.candidate_clicks_on_apply_button_of_Job()&amp#27;[0m
    &amp#27;[36mAnd &amp#27;[0m&amp#27;[36mcandidate choose to apply as guest&amp#27;[0m                               &amp#27;[90m# Stepdef.candidate_choose_to_apply_as_guest()&amp#27;[0m
    &amp#27;[36mAnd &amp#27;[0m&amp#27;[36mCandidate enters first name "&amp#27;[0m&amp#27;[36m&amp#27;[1muday&amp#27;[0m&amp#27;[36m"&amp#27;[0m                               &amp#27;[90m# Stepdef.candidate_enters_first_name(String)&amp#27;[0m
    &amp#27;[36mAnd &amp#27;[0m&amp#27;[36mCandidate enters last name "&amp#27;[0m&amp#27;[36m&amp#27;[1ma10&amp#27;[0m&amp#27;[36m"&amp#27;[0m                                 &amp#27;[90m# Stepdef.candidate_enters_last_name(String)&amp#27;[0m
    &amp#27;[36mAnd &amp#27;[0m&amp#27;[36mCandidate  chooses Country "&amp#27;[0m&amp#27;[36m&amp#27;[1mindia&amp#27;[0m&amp#27;[36m"&amp#27;[0m                               &amp#27;[90m# Stepdef.candidate_chooses_Country(String)&amp#27;[0m
    &amp#27;[36mAnd &amp#27;[0m&amp#27;[36mCandidate enters phone no "&amp#27;[0m&amp#27;[36m&amp#27;[1m6300630013&amp#27;[0m&amp#27;[36m"&amp#27;[0m                           &amp#27;[90m# Stepdef.candidate_enters_phone_no(String)&amp#27;[0m
    &amp#27;[36mAnd &amp#27;[0m&amp#27;[36mCandidate enters Email Address "&amp#27;[0m&amp#27;[36m&amp#27;[1muday@a13.com&amp#27;[0m&amp#27;[36m"&amp#27;[0m                    &amp#27;[90m# Stepdef.candidate_enters_Email_Address(String)&amp#27;[0m
    &amp#27;[36mAnd &amp#27;[0m&amp#27;[36mCandidate uploads his resume&amp#27;[0m                                     &amp#27;[90m# Stepdef.candidate_uploads_his_resume()&amp#27;[0m
    &amp#27;[36mThen &amp#27;[0m&amp#27;[36mCandidate accepts terms and conditions by clicking on checkbox&amp#27;[0m  &amp#27;[90m# Stepdef.candidate_accepts_terms_and_conditions_by_clicking_on_checkbox()&amp#27;[0m
    &amp#27;[36mAnd &amp#27;[0m&amp#27;[36mclicks on Next Button&amp#27;[0m                                            &amp#27;[90m# Stepdef.clicks_on_Next_Button()&amp#27;[0m
    &amp#27;[36mWhen &amp#27;[0m&amp#27;[36mcandidate fills about me text field&amp#27;[0m                             &amp#27;[90m# Stepdef.candidate_fills_about_me_text_field()&amp#27;[0m
    &amp#27;[36mWhen &amp#27;[0m&amp#27;[36mCandidate clicks on edit option of EducationA&amp#27;[0m                   &amp#27;[90m# Stepdef.candidate_clicks_on_edit_option_of_EducationA()&amp#27;[0m
    &amp#27;[36mAnd &amp#27;[0m&amp#27;[36menters InstituteA Name "&amp#27;[0m&amp#27;[36m&amp#27;[1mGITE&amp#27;[0m&amp#27;[36m"&amp#27;[0m                                    &amp#27;[90m# Stepdef.enters_InstituteA_Name(String)&amp#27;[0m
    &amp#27;[36mAnd &amp#27;[0m&amp#27;[36mchoose country of instituteA&amp#27;[0m                                     &amp#27;[90m# Stepdef.choose_country_of_instituteA()&amp#27;[0m
    &amp#27;[36mAnd &amp#27;[0m&amp#27;[36mchoose city of instituteA "&amp#27;[0m&amp#27;[36m&amp#27;[1mRjy&amp#27;[0m&amp#27;[36m"&amp#27;[0m                                  &amp#27;[90m# Stepdef.choose_city_of_instituteA(String)&amp#27;[0m
    &amp#27;[36mAnd &amp#27;[0m&amp#27;[36mselect Qualification from InstituteA "&amp#27;[0m&amp#27;[36m&amp#27;[1mBachelor's Degree&amp#27;[0m&amp#27;[36m"&amp#27;[0m         &amp#27;[90m# Stepdef.select_Qualification_from_InstituteA(String)&amp#27;[0m
    &amp#27;[36mAnd &amp#27;[0m&amp#27;[36mEnter CGPA got in InstituteA "&amp#27;[0m&amp#27;[36m&amp#27;[1m8.6&amp#27;[0m&amp#27;[36m"&amp#27;[0m                               &amp#27;[90m# Stepdef.enter_CGPA_got_in_InstituteA(String)&amp#27;[0m
    &amp#27;[36mAnd &amp#27;[0m&amp#27;[36mchoose start date of InstituteA "&amp#27;[0m&amp#27;[36m&amp#27;[1m12th june,2017&amp#27;[0m&amp#27;[36m"&amp#27;[0m                 &amp#27;[90m# Stepdef.choose_start_date_of_InstituteA(String)&amp#27;[0m
    &amp#27;[36mAnd &amp#27;[0m&amp#27;[36mchoose ending date of InstitueA "&amp#27;[0m&amp#27;[36m&amp#27;[1m30 April,2021&amp#27;[0m&amp#27;[36m"&amp#27;[0m                  &amp#27;[90m# Stepdef.choose_ending_date_of_InstitueA(String)&amp#27;[0m
    &amp#27;[36mAnd &amp#27;[0m&amp#27;[36mClick on Save Button of EduA&amp#27;[0m                                     &amp#27;[90m# Stepdef.click_on_Save_Button_of_EduA()&amp#27;[0m
    #  DELETE 2Q AND 3Q
    #When candidate clicks on delete Qb and Qc
    &amp#27;[36mWhen &amp#27;[0m&amp#27;[36mCandidate clicks on edit option of EducationB&amp#27;[0m                   &amp#27;[90m# Stepdef.candidate_clicks_on_edit_option_of_EducationB()&amp#27;[0m
    &amp#27;[36mAnd &amp#27;[0m&amp#27;[36menters InstituteB Name "&amp#27;[0m&amp#27;[36m&amp#27;[1mLyola&amp#27;[0m&amp#27;[36m"&amp#27;[0m                                   &amp#27;[90m# Stepdef.enters_InstituteB_Name(String)&amp#27;[0m
    &amp#27;[36mAnd &amp#27;[0m&amp#27;[36mchoose country of instituteB&amp#27;[0m                                     &amp#27;[90m# Stepdef.choose_country_of_instituteB()&amp#27;[0m
    &amp#27;[36mAnd &amp#27;[0m&amp#27;[36mchoose city of instituteB "&amp#27;[0m&amp#27;[36m&amp#27;[1mVij&amp#27;[0m&amp#27;[36m"&amp#27;[0m                                  &amp#27;[90m# Stepdef.choose_city_of_instituteB(String)&amp#27;[0m
    &amp#27;[36mAnd &amp#27;[0m&amp#27;[36mselect Qualification from InstituteB "&amp#27;[0m&amp#27;[36m&amp#27;[1mDiploma&amp#27;[0m&amp#27;[36m"&amp#27;[0m                   &amp#27;[90m# Stepdef.select_Qualification_from_InstituteB(String)&amp#27;[0m
    &amp#27;[36mAnd &amp#27;[0m&amp#27;[36mEnter CGPA got in InstituteB "&amp#27;[0m&amp#27;[36m&amp#27;[1m7.8&amp#27;[0m&amp#27;[36m"&amp#27;[0m                               &amp#27;[90m# Stepdef.enter_CGPA_got_in_InstituteB(String)&amp#27;[0m
    &amp#27;[36mAnd &amp#27;[0m&amp#27;[36mchoose start date of InstituteB "&amp#27;[0m&amp#27;[36m&amp#27;[1m12th june,2015&amp#27;[0m&amp#27;[36m"&amp#27;[0m                 &amp#27;[90m# Stepdef.choose_start_date_of_InstituteB(String)&amp#27;[0m
    &amp#27;[36mAnd &amp#27;[0m&amp#27;[36mchoose ending date of InstitueB "&amp#27;[0m&amp#27;[36m&amp#27;[1m30 April,2021&amp#27;[0m&amp#27;[36m"&amp#27;[0m                  &amp#27;[90m# Stepdef.choose_ending_date_of_InstitueB(String)&amp#27;[0m
    &amp#27;[36mAnd &amp#27;[0m&amp#27;[36mClick on Save Button of EduB&amp#27;[0m                                     &amp#27;[90m# Stepdef.click_on_Save_Button_of_EduB()&amp#27;[0m
    &amp#27;[36mWhen &amp#27;[0m&amp#27;[36mCandidate clicks on edit option of EducationC&amp#27;[0m                   &amp#27;[90m# Stepdef.candidate_clicks_on_edit_option_of_EducationC()&amp#27;[0m
    &amp#27;[36mAnd &amp#27;[0m&amp#27;[36menters InstituteC Name "&amp#27;[0m&amp#27;[36m&amp#27;[1mZPHS&amp#27;[0m&amp#27;[36m"&amp#27;[0m                                    &amp#27;[90m# Stepdef.enters_InstituteC_Name(String)&amp#27;[0m
    &amp#27;[36mAnd &amp#27;[0m&amp#27;[36mchoose country of instituteC&amp#27;[0m                                     &amp#27;[90m# Stepdef.choose_country_of_instituteC()&amp#27;[0m
    &amp#27;[36mAnd &amp#27;[0m&amp#27;[36mchoose city of instituteC "&amp#27;[0m&amp#27;[36m&amp#27;[1mskp&amp#27;[0m&amp#27;[36m"&amp#27;[0m                                  &amp#27;[90m# Stepdef.choose_city_of_instituteC(String)&amp#27;[0m
    &amp#27;[36mAnd &amp#27;[0m&amp#27;[36mselect Qualification from InstituteC "&amp#27;[0m&amp#27;[36m&amp#27;[1mHigh School or Equivalent&amp#27;[0m&amp#27;[36m"&amp#27;[0m &amp#27;[90m# Stepdef.select_Qualification_from_InstituteC(String)&amp#27;[0m
    &amp#27;[36mAnd &amp#27;[0m&amp#27;[36mEnter CGPA got in InstituteC "&amp#27;[0m&amp#27;[36m&amp#27;[1m8.2&amp#27;[0m&amp#27;[36m"&amp#27;[0m                               &amp#27;[90m# Stepdef.enter_CGPA_got_in_InstituteC(String)&amp#27;[0m
    &amp#27;[36mAnd &amp#27;[0m&amp#27;[36mchoose start date of InstituteC "&amp#27;[0m&amp#27;[36m&amp#27;[1m12th june,2015&amp#27;[0m&amp#27;[36m"&amp#27;[0m                 &amp#27;[90m# Stepdef.choose_start_date_of_InstituteC(String)&amp#27;[0m
    &amp#27;[36mAnd &amp#27;[0m&amp#27;[36mchoose ending date of InstitueC "&amp#27;[0m&amp#27;[36m&amp#27;[1m30 April,2021&amp#27;[0m&amp#27;[36m"&amp#27;[0m                  &amp#27;[90m# Stepdef.choose_ending_date_of_InstitueC(String)&amp#27;[0m
    &amp#27;[36mAnd &amp#27;[0m&amp#27;[36mClick on Save Button of EduC&amp#27;[0m                                     &amp#27;[90m# Stepdef.click_on_Save_Button_of_EduC()&amp#27;[0m
    &amp#27;[36mWhen &amp#27;[0m&amp#27;[36mcandidate adds work experience&amp#27;[0m                                  &amp#27;[90m# Stepdef.candidate_adds_work_experience()&amp#27;[0m
    &amp#27;[36mWhen &amp#27;[0m&amp#27;[36mcandidate adds certifications&amp#27;[0m                                   &amp#27;[90m# Stepdef.candidate_adds_certifications()&amp#27;[0m
    &amp#27;[36mThen &amp#27;[0m&amp#27;[36mcandidate clicks on add button of project&amp#27;[0m                       &amp#27;[90m# Stepdef.candidate_clicks_on_add_button_of_project()&amp#27;[0m
    &amp#27;[36mWhen &amp#27;[0m&amp#27;[36mcandidate enters project title "&amp#27;[0m&amp#27;[36m&amp#27;[1mERP Project&amp#27;[0m&amp#27;[36m"&amp#27;[0m                    &amp#27;[90m# Stepdef.candidate_enters_project_title(String)&amp#27;[0m
    &amp#27;[36mAnd &amp#27;[0m&amp#27;[36mcandidate enters Description of project "&amp#27;[0m&amp#27;[36m&amp#27;[1mStock Market&amp#27;[0m&amp#27;[36m"&amp#27;[0m           &amp#27;[90m# Stepdef.candidate_enters_Description_of_project(String)&amp#27;[0m
    &amp#27;[36mAnd &amp#27;[0m&amp#27;[36mCandidate selects project start and end dates&amp#27;[0m                    &amp#27;[90m# Stepdef.candidate_selects_project_start_and_end_dates()&amp#27;[0m
    &amp#27;[36mAnd &amp#27;[0m&amp#27;[36mClick on Save button of project&amp#27;[0m                                  &amp#27;[90m# Stepdef.click_on_Save_button_of_project()&amp#27;[0m
    &amp#27;[36mAnd &amp#27;[0m&amp#27;[36mCandidate click on next Button&amp#27;[0m                                   &amp#27;[90m# Stepdef.candidate_click_on_next_Button()&amp#27;[0m
    &amp#27;[36mAnd &amp#27;[0m&amp#27;[36mcandidate rate for skills&amp#27;[0m                                        &amp#27;[90m# Stepdef.candidate_rate_for_skills()&amp#27;[0m
    &amp#27;[36mAnd &amp#27;[0m&amp#27;[36mcandidate click on submit button of Application&amp#27;[0m                  &amp#27;[90m# Stepdef.candidate_click_on_submit_button_of_Application()&amp#27;[0m
]]></system-out>
    <system-err><![CDATA[Starting ChromeDriver 107.0.5304.62 (1eec40d3a5764881c92085aaee66d25075c159aa-refs/branch-heads/5304@{#942}) on port 16615
Only local connections are allowed.
Please see https://chromedriver.chromium.org/security-considerations for suggestions on keeping ChromeDriver safe.
ChromeDriver was started successfully.
Nov 19, 2022 1:44:32 PM org.openqa.selenium.remote.ProtocolHandshake createSession
INFO: Detected dialect: W3C
]]></system-err>
  </testcase>
  <testcase name="feature[Application info page](4)" classname="testrunners.Testrunners" time="27.246">
    <failure message="org.openqa.selenium.TimeoutException: Expected condition failed: waiting for element to be clickable: By.xpath: (//a[@class=&apos;bx--header__menu-item&apos;])[3] (tried for 20 second(s) with 500 milliseconds interval)" type="cucumber.runtime.CucumberException"><![CDATA[cucumber.runtime.CucumberException: org.openqa.selenium.TimeoutException: Expected condition failed: waiting for element to be clickable: By.xpath: (//a[@class='bx--header__menu-item'])[3] (tried for 20 second(s) with 500 milliseconds interval)
Caused by: org.openqa.selenium.TimeoutException: Expected condition failed: waiting for element to be clickable: By.xpath: (//a[@class='bx--header__menu-item'])[3] (tried for 20 second(s) with 500 milliseconds interval)
Caused by: org.openqa.selenium.NoSuchElementException: 
no such element: Unable to locate element: {"method":"xpath","selector":"(//a[@class='bx--header__menu-item'])[3]"}
  (Session info: chrome=107.0.5304.107)
For documentation on this error, please visit: https://www.seleniumhq.org/exceptions/no_such_element.html
Build info: version: '3.141.59', revision: 'e82be7d358', time: '2018-11-14T08:17:03'
System info: host: 'PAUL', ip: '192.168.1.3', os.name: 'Windows 11', os.arch: 'amd64', os.version: '10.0', java.version: '11.0.16'
Driver info: org.openqa.selenium.chrome.ChromeDriver
Capabilities {acceptInsecureCerts: false, browserName: chrome, browserVersion: 107.0.5304.107, chrome: {chromedriverVersion: 107.0.5304.62 (1eec40d3a576..., userDataDir: C:\Users\paul\AppData\Local...}, goog:chromeOptions: {debuggerAddress: localhost:51794}, javascriptEnabled: true, networkConnectionEnabled: false, pageLoadStrategy: normal, platform: WINDOWS, platformName: WINDOWS, proxy: Proxy(), setWindowRect: true, strictFileInteractability: false, timeouts: {implicit: 0, pageLoad: 300000, script: 30000}, unhandledPromptBehavior: dismiss and notify, webauthn:extension:credBlob: true, webauthn:extension:largeBlob: true, webauthn:virtualAuthenticators: true}
Session ID: 001d90f594ca1468b003b1b38c39fba6
*** Element info: {Using=xpath, value=(//a[@class='bx--header__menu-item'])[3]}
]]></failure>
    <system-out><![CDATA[@tag
Feature: Application info page
  I want to use this to verify login and logout

  @tag1
  Scenario: verify login and logout functionality                      &amp#27;[90m# 04_application.feature:6&amp#27;[0m
    &amp#27;[32mGiven &amp#27;[0m&amp#27;[32mLaunch Application using valid URL&amp#27;[0m                           &amp#27;[90m# Stepdef.launch_Application_using_valid_URL()&amp#27;[0m
    &amp#27;[32mThen &amp#27;[0m&amp#27;[32maccept cookies and choose login type&amp#27;[0m                          &amp#27;[90m# Stepdef.accept_cookies_and_choose_login_type()&amp#27;[0m
    &amp#27;[32mWhen &amp#27;[0m&amp#27;[32menters valid credentials "&amp#27;[0m&amp#27;[32m&amp#27;[1mpaul@trainingqa.com&amp#27;[0m&amp#27;[32m" and "&amp#27;[0m&amp#27;[32m&amp#27;[1mXPAStag0&amp#27;[0m&amp#27;[32m"&amp#27;[0m &amp#27;[90m# Stepdef.enters_valid_credentials_and(String,String)&amp#27;[0m
    &amp#27;[32mThen &amp#27;[0m&amp#27;[32mverify captcha and click on Login button&amp#27;[0m                      &amp#27;[90m# Stepdef.verify_captcha_and_click_on_Login_button()&amp#27;[0m
    &amp#27;[31mThen &amp#27;[0m&amp#27;[31mRecruiter clicks on source menu&amp#27;[0m                               &amp#27;[90m# Stepdef.recruiter_clicks_on_source_menu()&amp#27;[0m
      &amp#27;[31morg.openqa.selenium.TimeoutException: Expected condition failed: waiting for element to be clickable: By.xpath: (//a[@class='bx--header__menu-item'])[3] (tried for 20 second(s) with 500 milliseconds interval)
      	at org.openqa.selenium.support.ui.WebDriverWait.timeoutException(WebDriverWait.java:95)
      	at org.openqa.selenium.support.ui.FluentWait.until(FluentWait.java:272)
      	at stepdef.Stepdef.recruiter_clicks_on_source_menu(Stepdef.java:1287)
      	at ?.Then Recruiter clicks on source menu(04_application.feature:11)
      Caused by: org.openqa.selenium.NoSuchElementException: no such element: Unable to locate element: {"method":"xpath","selector":"(//a[@class='bx--header__menu-item'])[3]"}
        (Session info: chrome=107.0.5304.107)
      For documentation on this error, please visit: https://www.seleniumhq.org/exceptions/no_such_element.html
      Build info: version: '3.141.59', revision: 'e82be7d358', time: '2018-11-14T08:17:03'
      System info: host: 'PAUL', ip: '192.168.1.3', os.name: 'Windows 11', os.arch: 'amd64', os.version: '10.0', java.version: '11.0.16'
      Driver info: org.openqa.selenium.chrome.ChromeDriver
      Capabilities {acceptInsecureCerts: false, browserName: chrome, browserVersion: 107.0.5304.107, chrome: {chromedriverVersion: 107.0.5304.62 (1eec40d3a576..., userDataDir: C:\Users\paul\AppData\Local...}, goog:chromeOptions: {debuggerAddress: localhost:51794}, javascriptEnabled: true, networkConnectionEnabled: false, pageLoadStrategy: normal, platform: WINDOWS, platformName: WINDOWS, proxy: Proxy(), setWindowRect: true, strictFileInteractability: false, timeouts: {implicit: 0, pageLoad: 300000, script: 30000}, unhandledPromptBehavior: dismiss and notify, webauthn:extension:credBlob: true, webauthn:extension:largeBlob: true, webauthn:virtualAuthenticators: true}
      Session ID: 001d90f594ca1468b003b1b38c39fba6
      *** Element info: {Using=xpath, value=(//a[@class='bx--header__menu-item'])[3]}
      	at java.base/jdk.internal.reflect.NativeConstructorAccessorImpl.newInstance0(Native Method)
      	at java.base/jdk.internal.reflect.NativeConstructorAccessorImpl.newInstance(NativeConstructorAccessorImpl.java:62)
      	at java.base/jdk.internal.reflect.DelegatingConstructorAccessorImpl.newInstance(DelegatingConstructorAccessorImpl.java:45)
      	at java.base/java.lang.reflect.Constructor.newInstance(Constructor.java:490)
      	at org.openqa.selenium.remote.http.W3CHttpResponseCodec.createException(W3CHttpResponseCodec.java:187)
      	at org.openqa.selenium.remote.http.W3CHttpResponseCodec.decode(W3CHttpResponseCodec.java:122)
      	at org.openqa.selenium.remote.http.W3CHttpResponseCodec.decode(W3CHttpResponseCodec.java:49)
      	at org.openqa.selenium.remote.HttpCommandExecutor.execute(HttpCommandExecutor.java:158)
      	at org.openqa.selenium.remote.service.DriverCommandExecutor.execute(DriverCommandExecutor.java:83)
      	at org.openqa.selenium.remote.RemoteWebDriver.execute(RemoteWebDriver.java:552)
      	at org.openqa.selenium.remote.RemoteWebDriver.findElement(RemoteWebDriver.java:323)
      	at org.openqa.selenium.remote.RemoteWebDriver.findElementByXPath(RemoteWebDriver.java:428)
      	at org.openqa.selenium.By$ByXPath.findElement(By.java:353)
      	at org.openqa.selenium.remote.RemoteWebDriver.findElement(RemoteWebDriver.java:315)
      	at org.openqa.selenium.support.ui.ExpectedConditions$7.apply(ExpectedConditions.java:205)
      	at org.openqa.selenium.support.ui.ExpectedConditions$7.apply(ExpectedConditions.java:201)
      	at org.openqa.selenium.support.ui.ExpectedConditions$22.apply(ExpectedConditions.java:641)
      	at org.openqa.selenium.support.ui.ExpectedConditions$22.apply(ExpectedConditions.java:638)
      	at org.openqa.selenium.support.ui.FluentWait.until(FluentWait.java:249)
      	at stepdef.Stepdef.recruiter_clicks_on_source_menu(Stepdef.java:1287)
      	at java.base/jdk.internal.reflect.NativeMethodAccessorImpl.invoke0(Native Method)
      	at java.base/jdk.internal.reflect.NativeMethodAccessorImpl.invoke(NativeMethodAccessorImpl.java:62)
      	at java.base/jdk.internal.reflect.DelegatingMethodAccessorImpl.invoke(DelegatingMethodAccessorImpl.java:43)
      	at java.base/java.lang.reflect.Method.invoke(Method.java:566)
      	at cucumber.runtime.Utils$1.call(Utils.java:40)
      	at cucumber.runtime.Timeout.timeout(Timeout.java:16)
      	at cucumber.runtime.Utils.invoke(Utils.java:34)
      	at cucumber.runtime.java.JavaStepDefinition.execute(JavaStepDefinition.java:38)
      	at cucumber.runtime.StepDefinitionMatch.runStep(StepDefinitionMatch.java:37)
      	at cucumber.runtime.Runtime.runStep(Runtime.java:300)
      	at cucumber.runtime.model.StepContainer.runStep(StepContainer.java:44)
      	at cucumber.runtime.model.StepContainer.runSteps(StepContainer.java:39)
      	at cucumber.runtime.model.CucumberScenario.run(CucumberScenario.java:44)
      	at cucumber.runtime.model.CucumberFeature.run(CucumberFeature.java:165)
      	at cucumber.api.testng.TestNGCucumberRunner.runCucumber(TestNGCucumberRunner.java:63)
      	at cucumber.api.testng.AbstractTestNGCucumberTests.feature(AbstractTestNGCucumberTests.java:21)
      	at java.base/jdk.internal.reflect.NativeMethodAccessorImpl.invoke0(Native Method)
      	at java.base/jdk.internal.reflect.NativeMethodAccessorImpl.invoke(NativeMethodAccessorImpl.java:62)
      	at java.base/jdk.internal.reflect.DelegatingMethodAccessorImpl.invoke(DelegatingMethodAccessorImpl.java:43)
      	at java.base/java.lang.reflect.Method.invoke(Method.java:566)
      	at org.testng.internal.MethodInvocationHelper.invokeMethod(MethodInvocationHelper.java:124)
      	at org.testng.internal.Invoker.invokeMethod(Invoker.java:583)
      	at org.testng.internal.Invoker.invokeTestMethod(Invoker.java:719)
      	at org.testng.internal.Invoker.invokeTestMethods(Invoker.java:989)
      	at org.testng.internal.TestMethodWorker.invokeTestMethods(TestMethodWorker.java:125)
      	at org.testng.internal.TestMethodWorker.run(TestMethodWorker.java:109)
      	at org.testng.TestRunner.privateRun(TestRunner.java:648)
      	at org.testng.TestRunner.run(TestRunner.java:505)
      	at org.testng.SuiteRunner.runTest(SuiteRunner.java:455)
      	at org.testng.SuiteRunner.runSequentially(SuiteRunner.java:450)
      	at org.testng.SuiteRunner.privateRun(SuiteRunner.java:415)
      	at org.testng.SuiteRunner.run(SuiteRunner.java:364)
      	at org.testng.SuiteRunnerWorker.runSuite(SuiteRunnerWorker.java:52)
      	at org.testng.SuiteRunnerWorker.run(SuiteRunnerWorker.java:84)
      	at org.testng.TestNG.runSuitesSequentially(TestNG.java:1208)
      	at org.testng.TestNG.runSuitesLocally(TestNG.java:1137)
      	at org.testng.TestNG.runSuites(TestNG.java:1049)
      	at org.testng.TestNG.run(TestNG.java:1017)
      	at org.apache.maven.surefire.testng.TestNGExecutor.run(TestNGExecutor.java:136)
      	at org.apache.maven.surefire.testng.TestNGDirectoryTestSuite.executeSingleClass(TestNGDirectoryTestSuite.java:112)
      	at org.apache.maven.surefire.testng.TestNGDirectoryTestSuite.execute(TestNGDirectoryTestSuite.java:99)
      	at org.apache.maven.surefire.testng.TestNGProvider.invoke(TestNGProvider.java:145)
      	at org.apache.maven.surefire.booter.ForkedBooter.runSuitesInProcess(ForkedBooter.java:428)
      	at org.apache.maven.surefire.booter.ForkedBooter.execute(ForkedBooter.java:162)
      	at org.apache.maven.surefire.booter.ForkedBooter.run(ForkedBooter.java:562)
      	at org.apache.maven.surefire.booter.ForkedBooter.main(ForkedBooter.java:548)
      &amp#27;[0m
    &amp#27;[36mThen &amp#27;[0m&amp#27;[36mRecruiter clicks on all applicants section&amp#27;[0m                    &amp#27;[90m# Stepdef.recruiter_clicks_on_all_applicants_section()&amp#27;[0m
    &amp#27;[36mThen &amp#27;[0m&amp#27;[36mRecruiter clicks on any Application&amp#27;[0m                           &amp#27;[90m# Stepdef.recruiter_clicks_on_any_Application()&amp#27;[0m
    #Then Recruiter downloads cv of applicant
    #Then Recruiter downloads report of candidate
    &amp#27;[36mWhen &amp#27;[0m&amp#27;[36mRecruiter clicks on candidates Resume&amp#27;[0m                         &amp#27;[90m# Stepdef.recruiter_clicks_on_candidates_Resume()&amp#27;[0m
    &amp#27;[36mWhen &amp#27;[0m&amp#27;[36mRecruiter clicks on candidates Interview Status&amp#27;[0m               &amp#27;[90m# Stepdef.recruiter_clicks_on_candidates_Interview_Status()&amp#27;[0m
    &amp#27;[36mThen &amp#27;[0m&amp#27;[36mRecruiter enables autosend pre screening Questions&amp#27;[0m            &amp#27;[90m# Stepdef.recruiter_enables_autosend_pre_screening_Questions()&amp#27;[0m
    &amp#27;[36mThen &amp#27;[0m&amp#27;[36mRecruiter shortlists the candidate&amp#27;[0m                            &amp#27;[90m# Stepdef.recruiter_shortlists_the_candidate()&amp#27;[0m
    &amp#27;[36mThen &amp#27;[0m&amp#27;[36mRecruiter sends shortlist Mail&amp#27;[0m                                &amp#27;[90m# Stepdef.recruiter_sends_shortlist_Mail()&amp#27;[0m
    &amp#27;[36mThen &amp#27;[0m&amp#27;[36mRecruiter choose already have concent option&amp#27;[0m                  &amp#27;[90m# Stepdef.recruiter_choose_already_have_concent_option()&amp#27;[0m
    &amp#27;[36mThen &amp#27;[0m&amp#27;[36mRecruiter clicks on add pre interview stage button&amp#27;[0m            &amp#27;[90m# Stepdef.recruiter_clicks_on_add_pre_interview_stage_button()&amp#27;[0m
    &amp#27;[36mThen &amp#27;[0m&amp#27;[36mRecruiter clicks on add interview stage button&amp#27;[0m                &amp#27;[90m# Stepdef.recruiter_clicks_on_add_interview_stage_button()&amp#27;[0m
    &amp#27;[36mThen &amp#27;[0m&amp#27;[36mRecruiter chooses Interview type phone round&amp#27;[0m                  &amp#27;[90m# Stepdef.recruiter_chooses_Interview_type()&amp#27;[0m
    &amp#27;[36mThen &amp#27;[0m&amp#27;[36mRecruiter schedules interview by clicking on blue arrow&amp#27;[0m       &amp#27;[90m# Stepdef.recruiter_schedules_interview_by_clicking_on_blue_arrow()&amp#27;[0m
    &amp#27;[36mThen &amp#27;[0m&amp#27;[36mRecruiter clicks on checkbox to directly send invite&amp#27;[0m          &amp#27;[90m# Stepdef.recruiter_clicks_on_checkbox_to_directly_send_invite()&amp#27;[0m
    &amp#27;[36mThen &amp#27;[0m&amp#27;[36mRecruiter chooses Interview date and time&amp#27;[0m                     &amp#27;[90m# Stepdef.recruiter_chooses_Interview_date_and_time()&amp#27;[0m
    &amp#27;[36mThen &amp#27;[0m&amp#27;[36mrecruiter clicks on end time&amp#27;[0m                                  &amp#27;[90m# Stepdef.recruiter_clicks_on_end_time()&amp#27;[0m
    &amp#27;[36mThen &amp#27;[0m&amp#27;[36mRecruiter clicks on schedule an interview button&amp#27;[0m              &amp#27;[90m# Stepdef.recruiter_clicks_on_schedule_an_interview_button()&amp#27;[0m
    &amp#27;[36mThen &amp#27;[0m&amp#27;[36mRecruiter clicks on yes if candidate attended interview&amp#27;[0m       &amp#27;[90m# Stepdef.recruiter_clicks_on_yes_if_candidate_attended_interview()&amp#27;[0m
    &amp#27;[36mThen &amp#27;[0m&amp#27;[36mRecruiter clicks on mark this stage as complete&amp#27;[0m               &amp#27;[90m# Stepdef.recruiter_clicks_on_mark_this_stage_as_complete()&amp#27;[0m
    &amp#27;[36mThen &amp#27;[0m&amp#27;[36mrecruiter gives feedback on interview&amp#27;[0m                         &amp#27;[90m# Stepdef.recruiter_gives_feedback_on_interview()&amp#27;[0m
    &amp#27;[36mThen &amp#27;[0m&amp#27;[36mrecruiter rates candidate&amp#27;[0m                                     &amp#27;[90m# Stepdef.recruiter_rates_candidate()&amp#27;[0m
    &amp#27;[36mThen &amp#27;[0m&amp#27;[36mrecruiter accepts candidate&amp#27;[0m                                   &amp#27;[90m# Stepdef.recruiter_accepts_candidate()&amp#27;[0m
    #       SECOND INTERVIEW ROUND
    &amp#27;[36mThen &amp#27;[0m&amp#27;[36mRecruiter again clicks on add interview stage button&amp#27;[0m          &amp#27;[90m# Stepdef.recruiter_again_clicks_on_add_interview_stage_button()&amp#27;[0m
    &amp#27;[36mThen &amp#27;[0m&amp#27;[36mRecruiter chooses Interview type Onsite&amp#27;[0m                       &amp#27;[90m# Stepdef.recruiter_chooses_Interview_type_Onsite()&amp#27;[0m
    &amp#27;[36mThen &amp#27;[0m&amp#27;[36mrecruiter chooses onsite round&amp#27;[0m                                &amp#27;[90m# Stepdef.recruiter_chooses_onsite_round()&amp#27;[0m
    &amp#27;[36mThen &amp#27;[0m&amp#27;[36mRecruiter clicks on checkbox to directly send invite&amp#27;[0m          &amp#27;[90m# Stepdef.recruiter_clicks_on_checkbox_to_directly_send_invite()&amp#27;[0m
    &amp#27;[36mThen &amp#27;[0m&amp#27;[36mRecruiter chooses Interview date and time&amp#27;[0m                     &amp#27;[90m# Stepdef.recruiter_chooses_Interview_date_and_time()&amp#27;[0m
    &amp#27;[36mThen &amp#27;[0m&amp#27;[36mrecruiter clicks on end time&amp#27;[0m                                  &amp#27;[90m# Stepdef.recruiter_clicks_on_end_time()&amp#27;[0m
    &amp#27;[36mThen &amp#27;[0m&amp#27;[36mRecruiter clicks on schedule an interview button&amp#27;[0m              &amp#27;[90m# Stepdef.recruiter_clicks_on_schedule_an_interview_button()&amp#27;[0m
    &amp#27;[36mThen &amp#27;[0m&amp#27;[36mRecruiter clicks on yes if candidate attended interview&amp#27;[0m       &amp#27;[90m# Stepdef.recruiter_clicks_on_yes_if_candidate_attended_interview()&amp#27;[0m
    &amp#27;[36mThen &amp#27;[0m&amp#27;[36mRecruiter clicks on mark this stage as complete&amp#27;[0m               &amp#27;[90m# Stepdef.recruiter_clicks_on_mark_this_stage_as_complete()&amp#27;[0m
    &amp#27;[36mThen &amp#27;[0m&amp#27;[36mrecruiter gives feedback on interview&amp#27;[0m                         &amp#27;[90m# Stepdef.recruiter_gives_feedback_on_interview()&amp#27;[0m
    &amp#27;[36mThen &amp#27;[0m&amp#27;[36mrecruiter rates candidate&amp#27;[0m                                     &amp#27;[90m# Stepdef.recruiter_rates_candidate()&amp#27;[0m
    &amp#27;[36mThen &amp#27;[0m&amp#27;[36mrecruiter accepts candidate&amp#27;[0m                                   &amp#27;[90m# Stepdef.recruiter_accepts_candidate()&amp#27;[0m
    #     ONLINE INTERVIEW ROUND
    &amp#27;[36mThen &amp#27;[0m&amp#27;[36magain recruiter clicks on add interview stage button&amp#27;[0m          &amp#27;[90m# Stepdef.again_recruiter_clicks_on_add_interview_stage_button()&amp#27;[0m
    &amp#27;[36mThen &amp#27;[0m&amp#27;[36mRecruiter chooses Interview type Online&amp#27;[0m                       &amp#27;[90m# Stepdef.recruiter_chooses_Interview_type_Online()&amp#27;[0m
    &amp#27;[36mThen &amp#27;[0m&amp#27;[36mRecruiter clicks on checkbox to directly send invite&amp#27;[0m          &amp#27;[90m# Stepdef.recruiter_clicks_on_checkbox_to_directly_send_invite()&amp#27;[0m
    &amp#27;[36mThen &amp#27;[0m&amp#27;[36mRecruiter chooses Interview date and time&amp#27;[0m                     &amp#27;[90m# Stepdef.recruiter_chooses_Interview_date_and_time()&amp#27;[0m
    &amp#27;[36mThen &amp#27;[0m&amp#27;[36mrecruiter clicks on end time&amp#27;[0m                                  &amp#27;[90m# Stepdef.recruiter_clicks_on_end_time()&amp#27;[0m
    &amp#27;[36mWhen &amp#27;[0m&amp#27;[36mrecruiter choose meeting type&amp#27;[0m                                 &amp#27;[90m# Stepdef.recruiter_choose_meeting_type()&amp#27;[0m
    &amp#27;[36mThen &amp#27;[0m&amp#27;[36mRecruiter clicks on schedule an interview button&amp#27;[0m              &amp#27;[90m# Stepdef.recruiter_clicks_on_schedule_an_interview_button()&amp#27;[0m
    &amp#27;[36mThen &amp#27;[0m&amp#27;[36mrecruiter clicks on start meeting button&amp#27;[0m                      &amp#27;[90m# Stepdef.recruiter_clicks_on_start_meeting_button()&amp#27;[0m
    &amp#27;[36mThen &amp#27;[0m&amp#27;[36mRecruiter clicks on yes if candidate attended interview&amp#27;[0m       &amp#27;[90m# Stepdef.recruiter_clicks_on_yes_if_candidate_attended_interview()&amp#27;[0m
    &amp#27;[36mThen &amp#27;[0m&amp#27;[36mRecruiter clicks on mark this stage as complete&amp#27;[0m               &amp#27;[90m# Stepdef.recruiter_clicks_on_mark_this_stage_as_complete()&amp#27;[0m
    &amp#27;[36mThen &amp#27;[0m&amp#27;[36mrecruiter gives feedback on interview&amp#27;[0m                         &amp#27;[90m# Stepdef.recruiter_gives_feedback_on_interview()&amp#27;[0m
    &amp#27;[36mThen &amp#27;[0m&amp#27;[36mrecruiter rates candidate&amp#27;[0m                                     &amp#27;[90m# Stepdef.recruiter_rates_candidate()&amp#27;[0m
    &amp#27;[36mThen &amp#27;[0m&amp#27;[36mrecruiter accepts candidate&amp#27;[0m                                   &amp#27;[90m# Stepdef.recruiter_accepts_candidate()&amp#27;[0m
    #     Coding/Whiteboard Assessment
    #Then recruiter chooses Coding or Whiteboard Assessment
    &amp#27;[36mThen &amp#27;[0m&amp#27;[36mrecruiter takes final decision on interview&amp#27;[0m                   &amp#27;[90m# Stepdef.recruiter_takes_final_decision_on_interview()&amp#27;[0m
    &amp#27;[36mThen &amp#27;[0m&amp#27;[36mrecruiter sends offer concent&amp#27;[0m                                 &amp#27;[90m# Stepdef.recruiter_sends_offer_concent()&amp#27;[0m
    &amp#27;[36mThen &amp#27;[0m&amp#27;[36mrecruiter resends offer concent&amp#27;[0m                               &amp#27;[90m# Stepdef.recruiter_resends_offer_concent()&amp#27;[0m
    &amp#27;[36mThen &amp#27;[0m&amp#27;[36mrecruiter skips offer concent&amp#27;[0m                                 &amp#27;[90m# Stepdef.recruiter_skips_offer_concent()&amp#27;[0m
    &amp#27;[36mThen &amp#27;[0m&amp#27;[36mrecruiter clicks on add offer to add offer details&amp#27;[0m            &amp#27;[90m# Stepdef.recruiter_clicks_on_add_offer_to_add_offer_details()&amp#27;[0m
    &amp#27;[36mThen &amp#27;[0m&amp#27;[36mrecruiter clicks on send offer added&amp#27;[0m                          &amp#27;[90m# Stepdef.recruiter_clicks_on_send_offer_added()&amp#27;[0m
    &amp#27;[36mAnd &amp#27;[0m&amp#27;[36mRecruiter clicks on candidates Approvals Table&amp#27;[0m                 &amp#27;[90m# Stepdef.recruiter_clicks_on_candidates_Approvals_Table()&amp#27;[0m
    &amp#27;[36mAnd &amp#27;[0m&amp#27;[36mRecruiter clicks on candidates Collaborators&amp#27;[0m                   &amp#27;[90m# Stepdef.recruiter_clicks_on_candidates_Collaborators()&amp#27;[0m
    &amp#27;[36mAnd &amp#27;[0m&amp#27;[36mRecruiter clicks on candidates Applicant Notes&amp#27;[0m                 &amp#27;[90m# Stepdef.recruiter_clicks_on_candidates_Applicant_Notes()&amp#27;[0m
    &amp#27;[36mAnd &amp#27;[0m&amp#27;[36mRecruiter clicks on candidates References&amp#27;[0m                      &amp#27;[90m# Stepdef.recruiter_clicks_on_candidates_References()&amp#27;[0m
    &amp#27;[36mAnd &amp#27;[0m&amp#27;[36mRecruiter clicks on candidates Offer Information&amp#27;[0m               &amp#27;[90m# Stepdef.recruiter_clicks_on_candidates_Offer_Information()&amp#27;[0m
    &amp#27;[36mAnd &amp#27;[0m&amp#27;[36mRecruiter clicks on candidates Other Jobs Applied&amp#27;[0m              &amp#27;[90m# Stepdef.recruiter_clicks_on_candidates_Other_Jobs_Applied()&amp#27;[0m
    &amp#27;[36mAnd &amp#27;[0m&amp#27;[36mRecruiter clicks on candidates Suitable Jobs&amp#27;[0m                   &amp#27;[90m# Stepdef.recruiter_clicks_on_candidates_Suitable_Jobs()&amp#27;[0m
    #And Recruiter clicks on candidates Chat with candidate
    &amp#27;[36mAnd &amp#27;[0m&amp#27;[36mRecruiter clicks on candidates Post Hire Feedback&amp#27;[0m              &amp#27;[90m# Stepdef.recruiter_clicks_on_candidates_Post_Hire_Feedback()&amp#27;[0m
    &amp#27;[36mAnd &amp#27;[0m&amp#27;[36mRecruiter clicks on candidates Onboarding&amp#27;[0m                      &amp#27;[90m# Stepdef.recruiter_clicks_on_candidates_Onboarding()&amp#27;[0m
    &amp#27;[36mThen &amp#27;[0m&amp#27;[36mrecruiter clicks on Add template&amp#27;[0m                              &amp#27;[90m# Stepdef.recruiter_clicks_on_Add_template()&amp#27;[0m
    #Then recruiter clicks on create new template
    #Then recruiter names the template and submit
    #Then recruiter clicks on add stage
    #Then recruiter names the stage Instructions to candidate Submit
    #Then recruiter clicks on stage dropdown and click on add doc
    #Then recruiter gives name to doc and add notes then submit
    #Then recruiter clicks on onboarding link available at TLC
    #Then recruiter clicks on add candidate
    #Then select job select candidate select template
    #Then click on invite candidate
    &amp#27;[36mThen &amp#27;[0m&amp#27;[36mrecruiter select required template and submit&amp#27;[0m                 &amp#27;[90m# Stepdef.recruiter_select_required_template_and_submit()&amp#27;[0m
    &amp#27;[36mAnd &amp#27;[0m&amp#27;[36mRecruiter clicks on candidates Timeline&amp#27;[0m                        &amp#27;[90m# Stepdef.recruiter_clicks_on_candidates_Timeline()&amp#27;[0m
    &amp#27;[36mAnd &amp#27;[0m&amp#27;[36mRecruiter clicks on candidates Contact Numbers&amp#27;[0m                 &amp#27;[90m# Stepdef.recruiter_clicks_on_candidates_Contact_Numbers()&amp#27;[0m
]]></system-out>
    <system-err><![CDATA[Starting ChromeDriver 107.0.5304.62 (1eec40d3a5764881c92085aaee66d25075c159aa-refs/branch-heads/5304@{#942}) on port 12907
Only local connections are allowed.
Please see https://chromedriver.chromium.org/security-considerations for suggestions on keeping ChromeDriver safe.
ChromeDriver was started successfully.
Nov 19, 2022 1:44:33 PM org.openqa.selenium.remote.ProtocolHandshake createSession
INFO: Detected dialect: W3C
]]></system-err>
  </testcase>
  <testcase name="feature[Bulk Upload feature](5)" classname="testrunners.Testrunners" time="25.068">
    <failure message="org.openqa.selenium.NoSuchElementException: no such element: Unable to locate element: {&quot;method&quot;:&quot;link text&quot;,&quot;selector&quot;:&quot;Employer Login&quot;}&#10;  (Session info: chrome=107.0.5304.107)&#10;For documentation on this error, please visit: https://www.seleniumhq.org/exceptions/no_such_element.html&#10;Build info: version: &apos;3.141.59&apos;, revision: &apos;e82be7d358&apos;, time: &apos;2018-11-14T08:17:03&apos;&#10;System info: host: &apos;PAUL&apos;, ip: &apos;192.168.1.3&apos;, os.name: &apos;Windows 11&apos;, os.arch: &apos;amd64&apos;, os.version: &apos;10.0&apos;, java.version: &apos;11.0.16&apos;&#10;Driver info: org.openqa.selenium.chrome.ChromeDriver&#10;Capabilities {acceptInsecureCerts: false, browserName: chrome, browserVersion: 107.0.5304.107, chrome: {chromedriverVersion: 107.0.5304.62 (1eec40d3a576..., userDataDir: C:\Users\paul\AppData\Local...}, goog:chromeOptions: {debuggerAddress: localhost:51908}, javascriptEnabled: true, networkConnectionEnabled: false, pageLoadStrategy: normal, platform: WINDOWS, platformName: WINDOWS, proxy: Proxy(), setWindowRect: true, strictFileInteractability: false, timeouts: {implicit: 0, pageLoad: 300000, script: 30000}, unhandledPromptBehavior: dismiss and notify, webauthn:extension:credBlob: true, webauthn:extension:largeBlob: true, webauthn:virtualAuthenticators: true}&#10;Session ID: 2e1ee8234db8f53b2e11f6e522b4dc25&#10;*** Element info: {Using=link text, value=Employer Login}" type="cucumber.runtime.CucumberException"><![CDATA[cucumber.runtime.CucumberException: 
org.openqa.selenium.NoSuchElementException: no such element: Unable to locate element: {"method":"link text","selector":"Employer Login"}
  (Session info: chrome=107.0.5304.107)
For documentation on this error, please visit: https://www.seleniumhq.org/exceptions/no_such_element.html
Build info: version: '3.141.59', revision: 'e82be7d358', time: '2018-11-14T08:17:03'
System info: host: 'PAUL', ip: '192.168.1.3', os.name: 'Windows 11', os.arch: 'amd64', os.version: '10.0', java.version: '11.0.16'
Driver info: org.openqa.selenium.chrome.ChromeDriver
Capabilities {acceptInsecureCerts: false, browserName: chrome, browserVersion: 107.0.5304.107, chrome: {chromedriverVersion: 107.0.5304.62 (1eec40d3a576..., userDataDir: C:\Users\paul\AppData\Local...}, goog:chromeOptions: {debuggerAddress: localhost:51908}, javascriptEnabled: true, networkConnectionEnabled: false, pageLoadStrategy: normal, platform: WINDOWS, platformName: WINDOWS, proxy: Proxy(), setWindowRect: true, strictFileInteractability: false, timeouts: {implicit: 0, pageLoad: 300000, script: 30000}, unhandledPromptBehavior: dismiss and notify, webauthn:extension:credBlob: true, webauthn:extension:largeBlob: true, webauthn:virtualAuthenticators: true}
Session ID: 2e1ee8234db8f53b2e11f6e522b4dc25
*** Element info: {Using=link text, value=Employer Login}
Caused by: org.openqa.selenium.NoSuchElementException: 
no such element: Unable to locate element: {"method":"link text","selector":"Employer Login"}
  (Session info: chrome=107.0.5304.107)
For documentation on this error, please visit: https://www.seleniumhq.org/exceptions/no_such_element.html
Build info: version: '3.141.59', revision: 'e82be7d358', time: '2018-11-14T08:17:03'
System info: host: 'PAUL', ip: '192.168.1.3', os.name: 'Windows 11', os.arch: 'amd64', os.version: '10.0', java.version: '11.0.16'
Driver info: org.openqa.selenium.chrome.ChromeDriver
Capabilities {acceptInsecureCerts: false, browserName: chrome, browserVersion: 107.0.5304.107, chrome: {chromedriverVersion: 107.0.5304.62 (1eec40d3a576..., userDataDir: C:\Users\paul\AppData\Local...}, goog:chromeOptions: {debuggerAddress: localhost:51908}, javascriptEnabled: true, networkConnectionEnabled: false, pageLoadStrategy: normal, platform: WINDOWS, platformName: WINDOWS, proxy: Proxy(), setWindowRect: true, strictFileInteractability: false, timeouts: {implicit: 0, pageLoad: 300000, script: 30000}, unhandledPromptBehavior: dismiss and notify, webauthn:extension:credBlob: true, webauthn:extension:largeBlob: true, webauthn:virtualAuthenticators: true}
Session ID: 2e1ee8234db8f53b2e11f6e522b4dc25
*** Element info: {Using=link text, value=Employer Login}
]]></failure>
    <system-out><![CDATA[@tag
Feature: Bulk Upload feature
  I want to use this template for Uploading Bulk of Jobs

  @tag1
  Scenario: Verify Bulk Upload functionality                           &amp#27;[90m# 04_bulkupload.feature:6&amp#27;[0m
    #LOGIN
    &amp#27;[32mGiven &amp#27;[0m&amp#27;[32mLaunch Application using valid URL&amp#27;[0m                           &amp#27;[90m# Stepdef.launch_Application_using_valid_URL()&amp#27;[0m
    &amp#27;[31mThen &amp#27;[0m&amp#27;[31maccept cookies and choose login type&amp#27;[0m                          &amp#27;[90m# Stepdef.accept_cookies_and_choose_login_type()&amp#27;[0m
      &amp#27;[31morg.openqa.selenium.NoSuchElementException: no such element: Unable to locate element: {"method":"link text","selector":"Employer Login"}
        (Session info: chrome=107.0.5304.107)
[...]
    &amp#27;[36mAnd &amp#27;[0m&amp#27;[36madd internal code for job "&amp#27;[0m&amp#27;[36m&amp#27;[1mJob0001&amp#27;[0m&amp#27;[36m"&amp#27;[0m                                    &amp#27;[90m# Stepdef.add_internal_code_for_job(String)&amp#27;[0m
    &amp#27;[36mAnd &amp#27;[0m&amp#27;[36mselect Job Status as "&amp#27;[0m&amp#27;[36m&amp#27;[1minternal&external&amp#27;[0m&amp#27;[36m"&amp#27;[0m                               &amp#27;[90m# Stepdef.select_Job_Status_as(String)&amp#27;[0m
    &amp#27;[36mAnd &amp#27;[0m&amp#27;[36mchoose candidates from other countries&amp#27;[0m                                 &amp#27;[90m# Stepdef.choose_candidates_from_other_countries()&amp#27;[0m
    &amp#27;[36mAnd &amp#27;[0m&amp#27;[36menable rank and file job&amp#27;[0m                                               &amp#27;[90m# Stepdef.enable_rank_and_file_job()&amp#27;[0m
    &amp#27;[36mAnd &amp#27;[0m&amp#27;[36mSelect Country Location "&amp#27;[0m&amp#27;[36m&amp#27;[1mIndia&amp#27;[0m&amp#27;[36m"&amp#27;[0m                                        &amp#27;[90m# Stepdef.select_Country_Location(String)&amp#27;[0m
    &amp#27;[36mAnd &amp#27;[0m&amp#27;[36mSelect City location "&amp#27;[0m&amp#27;[36m&amp#27;[1mHyderabad&amp#27;[0m&amp#27;[36m"&amp#27;[0m                                       &amp#27;[90m# Stepdef.select_City_location(String)&amp#27;[0m
    &amp#27;[36mAnd &amp#27;[0m&amp#27;[36madd skills "&amp#27;[0m&amp#27;[36m&amp#27;[1mjava&amp#27;[0m&amp#27;[36m" and "&amp#27;[0m&amp#27;[36m&amp#27;[1msql&amp#27;[0m&amp#27;[36m"&amp#27;[0m                                            &amp#27;[90m# Stepdef.add_skills_and(String,String)&amp#27;[0m
    &amp#27;[36mAnd &amp#27;[0m&amp#27;[36madd Qualification "&amp#27;[0m&amp#27;[36m&amp#27;[1mBachelor's degree&amp#27;[0m&amp#27;[36m"&amp#27;[0m                                  &amp#27;[90m# Stepdef.add_Qualification(String)&amp#27;[0m
    &amp#27;[36mAnd &amp#27;[0m&amp#27;[36madd job type in emp details as "&amp#27;[0m&amp#27;[36m&amp#27;[1mPermanent&amp#27;[0m&amp#27;[36m"&amp#27;[0m                             &amp#27;[90m# Stepdef.add_job_type_in_emp_details_as(String)&amp#27;[0m
    &amp#27;[36mAnd &amp#27;[0m&amp#27;[36mselect minimum experience as "&amp#27;[0m&amp#27;[36m&amp#27;[1m2&amp#27;[0m&amp#27;[36m"&amp#27;[0m                                       &amp#27;[90m# Stepdef.select_minimum_experience_as(String)&amp#27;[0m
    &amp#27;[36mAnd &amp#27;[0m&amp#27;[36mselect maximum experience as "&amp#27;[0m&amp#27;[36m&amp#27;[1m10&amp#27;[0m&amp#27;[36m"&amp#27;[0m                                      &amp#27;[90m# Stepdef.select_maximum_experience_as(String)&amp#27;[0m
    &amp#27;[36mAnd &amp#27;[0m&amp#27;[36mchoose Employment type as "&amp#27;[0m&amp#27;[36m&amp#27;[1mfull-time&amp#27;[0m&amp#27;[36m"&amp#27;[0m                                  &amp#27;[90m# Stepdef.choose_Employment_type_as(String)&amp#27;[0m
    &amp#27;[36mAnd &amp#27;[0m&amp#27;[36mchoose no of vacancies "&amp#27;[0m&amp#27;[36m&amp#27;[1m15&amp#27;[0m&amp#27;[36m"&amp#27;[0m                                            &amp#27;[90m# Stepdef.choose_no_of_vacancies(String)&amp#27;[0m
    &amp#27;[36mAnd &amp#27;[0m&amp#27;[36mchoose close date of job "&amp#27;[0m&amp#27;[36m&amp#27;[1m12/02/2022&amp#27;[0m&amp#27;[36m"&amp#27;[0m                                  &amp#27;[90m# Stepdef.choose_close_date_of_job(String)&amp#27;[0m
    &amp#27;[36mAnd &amp#27;[0m&amp#27;[36madd Job Description "&amp#27;[0m&amp#27;[36m&amp#27;[1mcandidate should be expert in java&amp#27;[0m&amp#27;[36m"&amp#27;[0m               &amp#27;[90m# Stepdef.add_Job_Description(String)&amp#27;[0m
    &amp#27;[36mAnd &amp#27;[0m&amp#27;[36madd Job Requirements "&amp#27;[0m&amp#27;[36m&amp#27;[1m3 years experience&amp#27;[0m&amp#27;[36m"&amp#27;[0m                              &amp#27;[90m# Stepdef.add_Job_Requirements(String)&amp#27;[0m
    &amp#27;[36mAnd &amp#27;[0m&amp#27;[36mchoose primary recruiter "&amp#27;[0m&amp#27;[36m&amp#27;[1manand paul&amp#27;[0m&amp#27;[36m"&amp#27;[0m                                  &amp#27;[90m# Stepdef.choose_primary_recruiter(String)&amp#27;[0m
    &amp#27;[36mAnd &amp#27;[0m&amp#27;[36mclick on submit button of job&amp#27;[0m                                          &amp#27;[90m# Stepdef.click_on_submit_button_of_job()&amp#27;[0m
    &amp#27;[36mThen &amp#27;[0m&amp#27;[36mrecruiter clicks on add collaborators button&amp#27;[0m                          &amp#27;[90m# Stepdef.recruiter_clicks_on_add_collaborators_button()&amp#27;[0m
    &amp#27;[36mWhen &amp#27;[0m&amp#27;[36mrecruiter set up pre screening questions&amp#27;[0m                              &amp#27;[90m# Stepdef.recruiter_set_up_pre_screening_questions()&amp#27;[0m
    &amp#27;[36mThen &amp#27;[0m&amp#27;[36mrecruiter set up passing points&amp#27;[0m                                       &amp#27;[90m# Stepdef.recruiter_set_up_passing_points()&amp#27;[0m
    &amp#27;[36mThen &amp#27;[0m&amp#27;[36mrecruiter set up Interview&amp#27;[0m                                            &amp#27;[90m# Stepdef.recruiter_set_up_Interview()&amp#27;[0m
]]></system-out>
    <system-err><![CDATA[Starting ChromeDriver 107.0.5304.62 (1eec40d3a5764881c92085aaee66d25075c159aa-refs/branch-heads/5304@{#942}) on port 51292
Only local connections are allowed.
Please see https://chromedriver.chromium.org/security-considerations for suggestions on keeping ChromeDriver safe.
ChromeDriver was started successfully.
Nov 19, 2022 1:49:21 PM org.openqa.selenium.remote.ProtocolHandshake createSession
INFO: Detected dialect: W3C
]]></system-err>
  </testcase>
  <testcase name="feature[Create New Job with all details](13)" classname="testrunners.Testrunners" time="46.571">
    <system-out><![CDATA[@tag
Feature: Create New Job with all details

  @Login
  Scenario: Verify Recruiter Ai Login Functionality                    &amp#27;[90m# createnewjob.feature:4&amp#27;[0m
    &amp#27;[32mGiven &amp#27;[0m&amp#27;[32mLaunch Application using valid URL&amp#27;[0m                           &amp#27;[90m# Stepdef.launch_Application_using_valid_URL()&amp#27;[0m
    &amp#27;[32mThen &amp#27;[0m&amp#27;[32maccept cookies and choose login type&amp#27;[0m                          &amp#27;[90m# Stepdef.accept_cookies_and_choose_login_type()&amp#27;[0m
    &amp#27;[32mWhen &amp#27;[0m&amp#27;[32menters valid credentials "&amp#27;[0m&amp#27;[32m&amp#27;[1mpaul@trainingqa.com&amp#27;[0m&amp#27;[32m" and "&amp#27;[0m&amp#27;[32m&amp#27;[1mXPAStag0&amp#27;[0m&amp#27;[32m"&amp#27;[0m &amp#27;[90m# Stepdef.enters_valid_credentials_and(String,String)&amp#27;[0m
    &amp#27;[32mThen &amp#27;[0m&amp#27;[32mverify captcha and click on Login button&amp#27;[0m                      &amp#27;[90m# Stepdef.verify_captcha_and_click_on_Login_button()&amp#27;[0m

  @CreateNewJob
  Scenario Outline: Verify create new job functionality  &amp#27;[90m# createnewjob.feature:11&amp#27;[0m
    &amp#27;[36mGiven &amp#27;[0m&amp#27;[36mRecruiter clicks on Jobs Menu&amp#27;[0m
    &amp#27;[36mThen &amp#27;[0m&amp#27;[36mselect create new job section&amp#27;[0m
    &amp#27;[36mWhen &amp#27;[0m&amp#27;[36mclick on Start button of form&amp#27;[0m
    #And click on Add New Office button to add new office Address
    &amp#27;[36mAnd &amp#27;[0m&amp#27;[36mchoose office address "<office address>"&amp#27;[0m
    &amp#27;[36mAnd &amp#27;[0m&amp#27;[36madd Job Title as "<job title>"&amp#27;[0m
    &amp#27;[36mAnd &amp#27;[0m&amp#27;[36madd internal code for job "<internal code>"&amp#27;[0m
    &amp#27;[36mAnd &amp#27;[0m&amp#27;[36mselect Job Status as "<job status>"&amp#27;[0m
    &amp#27;[36mAnd &amp#27;[0m&amp#27;[36mchoose candidates from other countries&amp#27;[0m
    &amp#27;[36mAnd &amp#27;[0m&amp#27;[36menable rank and file job&amp#27;[0m
    &amp#27;[36mAnd &amp#27;[0m&amp#27;[36mSelect Country Location "<country location>"&amp#27;[0m
    &amp#27;[36mAnd &amp#27;[0m&amp#27;[36mSelect City location "<city location>"&amp#27;[0m
    &amp#27;[36mAnd &amp#27;[0m&amp#27;[36madd skills "<skill 1>" and "<skill 2>"&amp#27;[0m
    &amp#27;[36mAnd &amp#27;[0m&amp#27;[36madd Qualification "<qualification>"&amp#27;[0m
    &amp#27;[36mAnd &amp#27;[0m&amp#27;[36madd job type in emp details as "<job type>"&amp#27;[0m
    &amp#27;[36mAnd &amp#27;[0m&amp#27;[36mselect minimum experience as "<min exp>"&amp#27;[0m
    &amp#27;[36mAnd &amp#27;[0m&amp#27;[36mselect maximum experience as "<max exp>"&amp#27;[0m
    &amp#27;[36mAnd &amp#27;[0m&amp#27;[36mchoose Employment type as "<emp type>"&amp#27;[0m
    &amp#27;[36mAnd &amp#27;[0m&amp#27;[36mchoose no of vacancies "<vacancies>"&amp#27;[0m
    &amp#27;[36mAnd &amp#27;[0m&amp#27;[36mchoose close date of job "<mdyclosedate>"&amp#27;[0m
    &amp#27;[36mAnd &amp#27;[0m&amp#27;[36madd Job Description "<job discription>"&amp#27;[0m
    &amp#27;[36mAnd &amp#27;[0m&amp#27;[36madd Job Requirements "<job requirements>"&amp#27;[0m
    &amp#27;[36mAnd &amp#27;[0m&amp#27;[36mchoose primary recruiter "<primary recruiter>"&amp#27;[0m
    &amp#27;[36mWhen &amp#27;[0m&amp#27;[36mclicks on skills and education section&amp#27;[0m
    &amp#27;[36mWhen &amp#27;[0m&amp#27;[36mrecruiter add industry field "<industry>"&amp#27;[0m
    &amp#27;[36mAnd &amp#27;[0m&amp#27;[36madd keywords for AI to vote CV "<keyword>"&amp#27;[0m
    &amp#27;[36mAnd &amp#27;[0m&amp#27;[36mrecruiter add Education "<education>"&amp#27;[0m
    &amp#27;[36mWhen &amp#27;[0m&amp#27;[36mrecruiter clicks on Additional Information&amp#27;[0m
    &amp#27;[36mWhen &amp#27;[0m&amp#27;[36mrecruiter add Work Location "<worklocation>"&amp#27;[0m
    &amp#27;[36mAnd &amp#27;[0m&amp#27;[36mrecruiter add working Hours "<working hrs>"&amp#27;[0m
    &amp#27;[36mAnd &amp#27;[0m&amp#27;[36menter minimal Annual Salary "<min sal>"&amp#27;[0m
    &amp#27;[36mAnd &amp#27;[0m&amp#27;[36menter maximum Annual Salary "<max sal>"&amp#27;[0m
    &amp#27;[36mGiven &amp#27;[0m&amp#27;[36mrecruiter clicks on pre screening questionaire&amp#27;[0m
    &amp#27;[36mWhen &amp#27;[0m&amp#27;[36mrecruiter clicks on select questions button&amp#27;[0m
    #When recruiter clicks on Add Question button
    #And recruiter adds essay text type question
    #And recruiter adds numeric type question
    #And recruiter adds yes or no question
    &amp#27;[36mAnd &amp#27;[0m&amp#27;[36mSelect questions from displayed List&amp#27;[0m
    &amp#27;[36mThen &amp#27;[0m&amp#27;[36mclick on Add Selected option&amp#27;[0m
    &amp#27;[36mGiven &amp#27;[0m&amp#27;[36mrecruiter Clicks on Attachments section&amp#27;[0m
    &amp#27;[36mWhen &amp#27;[0m&amp#27;[36mrecruiter uploads Attachment file&amp#27;[0m
    &amp#27;[36mThen &amp#27;[0m&amp#27;[36mclick on submit after uploading file&amp#27;[0m

    Examples: 

  @tag @CreateNewJob
  Scenario Outline: Verify create new job functionality          &amp#27;[90m# createnewjob.feature:58&amp#27;[0m
    &amp#27;[32mGiven &amp#27;[0m&amp#27;[32mRecruiter clicks on Jobs Menu&amp#27;[0m                          &amp#27;[90m# Stepdef.recruiter_clicks_on_Jobs_Menu()&amp#27;[0m
    &amp#27;[32mThen &amp#27;[0m&amp#27;[32mselect create new job section&amp#27;[0m                           &amp#27;[90m# Stepdef.select_create_new_job_section()&amp#27;[0m
    &amp#27;[32mWhen &amp#27;[0m&amp#27;[32mclick on Start button of form&amp#27;[0m                           &amp#27;[90m# Stepdef.click_on_Start_button_of_form()&amp#27;[0m
    #And click on Add New Office button to add new office Address
    &amp#27;[32mAnd &amp#27;[0m&amp#27;[32mchoose office address "&amp#27;[0m&amp#27;[32m&amp#27;[1mHyderabad&amp#27;[0m&amp#27;[32m"&amp#27;[0m                        &amp#27;[90m# Stepdef.choose_office_address(String)&amp#27;[0m
    &amp#27;[32mAnd &amp#27;[0m&amp#27;[32madd Job Title as "&amp#27;[0m&amp#27;[32m&amp#27;[1msoftware Engineer&amp#27;[0m&amp#27;[32m"&amp#27;[0m                     &amp#27;[90m# Stepdef.add_Job_Title_as(String)&amp#27;[0m
    &amp#27;[32mAnd &amp#27;[0m&amp#27;[32madd internal code for job "&amp#27;[0m&amp#27;[32m&amp#27;[1mJob0001&amp#27;[0m&amp#27;[32m"&amp#27;[0m                      &amp#27;[90m# Stepdef.add_internal_code_for_job(String)&amp#27;[0m
    &amp#27;[32mAnd &amp#27;[0m&amp#27;[32mselect Job Status as "&amp#27;[0m&amp#27;[32m&amp#27;[1minternal&external&amp#27;[0m&amp#27;[32m"&amp#27;[0m                 &amp#27;[90m# Stepdef.select_Job_Status_as(String)&amp#27;[0m
    &amp#27;[32mAnd &amp#27;[0m&amp#27;[32mchoose candidates from other countries&amp#27;[0m                   &amp#27;[90m# Stepdef.choose_candidates_from_other_countries()&amp#27;[0m
    &amp#27;[32mAnd &amp#27;[0m&amp#27;[32menable rank and file job&amp#27;[0m                                 &amp#27;[90m# Stepdef.enable_rank_and_file_job()&amp#27;[0m
    &amp#27;[32mAnd &amp#27;[0m&amp#27;[32mSelect Country Location "&amp#27;[0m&amp#27;[32m&amp#27;[1mIndia&amp#27;[0m&amp#27;[32m"&amp#27;[0m                          &amp#27;[90m# Stepdef.select_Country_Location(String)&amp#27;[0m
    &amp#27;[32mAnd &amp#27;[0m&amp#27;[32mSelect City location "&amp#27;[0m&amp#27;[32m&amp#27;[1mHyderabad&amp#27;[0m&amp#27;[32m"&amp#27;[0m                         &amp#27;[90m# Stepdef.select_City_location(String)&amp#27;[0m
    &amp#27;[32mAnd &amp#27;[0m&amp#27;[32madd skills "&amp#27;[0m&amp#27;[32m&amp#27;[1mjava&amp#27;[0m&amp#27;[32m" and "&amp#27;[0m&amp#27;[32m&amp#27;[1msql&amp#27;[0m&amp#27;[32m"&amp#27;[0m                              &amp#27;[90m# Stepdef.add_skills_and(String,String)&amp#27;[0m
    &amp#27;[32mAnd &amp#27;[0m&amp#27;[32madd Qualification "&amp#27;[0m&amp#27;[32m&amp#27;[1mBachelor's degree&amp#27;[0m&amp#27;[32m"&amp#27;[0m                    &amp#27;[90m# Stepdef.add_Qualification(String)&amp#27;[0m
    &amp#27;[32mAnd &amp#27;[0m&amp#27;[32madd job type in emp details as "&amp#27;[0m&amp#27;[32m&amp#27;[1mPermanent&amp#27;[0m&amp#27;[32m"&amp#27;[0m               &amp#27;[90m# Stepdef.add_job_type_in_emp_details_as(String)&amp#27;[0m
    &amp#27;[32mAnd &amp#27;[0m&amp#27;[32mselect minimum experience as "&amp#27;[0m&amp#27;[32m&amp#27;[1m2&amp#27;[0m&amp#27;[32m"&amp#27;[0m                         &amp#27;[90m# Stepdef.select_minimum_experience_as(String)&amp#27;[0m
    &amp#27;[32mAnd &amp#27;[0m&amp#27;[32mselect maximum experience as "&amp#27;[0m&amp#27;[32m&amp#27;[1m10&amp#27;[0m&amp#27;[32m"&amp#27;[0m                        &amp#27;[90m# Stepdef.select_maximum_experience_as(String)&amp#27;[0m
    &amp#27;[32mAnd &amp#27;[0m&amp#27;[32mchoose Employment type as "&amp#27;[0m&amp#27;[32m&amp#27;[1mfull-time&amp#27;[0m&amp#27;[32m"&amp#27;[0m                    &amp#27;[90m# Stepdef.choose_Employment_type_as(String)&amp#27;[0m
    &amp#27;[32mAnd &amp#27;[0m&amp#27;[32mchoose no of vacancies "&amp#27;[0m&amp#27;[32m&amp#27;[1m15&amp#27;[0m&amp#27;[32m"&amp#27;[0m                              &amp#27;[90m# Stepdef.choose_no_of_vacancies(String)&amp#27;[0m
    &amp#27;[32mAnd &amp#27;[0m&amp#27;[32mchoose close date of job "&amp#27;[0m&amp#27;[32m&amp#27;[1m12/02/2022&amp#27;[0m&amp#27;[32m"&amp#27;[0m                    &amp#27;[90m# Stepdef.choose_close_date_of_job(String)&amp#27;[0m
    &amp#27;[32mAnd &amp#27;[0m&amp#27;[32madd Job Description "&amp#27;[0m&amp#27;[32m&amp#27;[1mcandidate should be expert in java&amp#27;[0m&amp#27;[32m"&amp#27;[0m &amp#27;[90m# Stepdef.add_Job_Description(String)&amp#27;[0m
    &amp#27;[32mAnd &amp#27;[0m&amp#27;[32madd Job Requirements "&amp#27;[0m&amp#27;[32m&amp#27;[1m3 years experience&amp#27;[0m&amp#27;[32m"&amp#27;[0m                &amp#27;[90m# Stepdef.add_Job_Requirements(String)&amp#27;[0m
    &amp#27;[32mAnd &amp#27;[0m&amp#27;[32mchoose primary recruiter "&amp#27;[0m&amp#27;[32m&amp#27;[1manand paul&amp#27;[0m&amp#27;[32m"&amp#27;[0m                    &amp#27;[90m# Stepdef.choose_primary_recruiter(String)&amp#27;[0m
    &amp#27;[32mWhen &amp#27;[0m&amp#27;[32mclicks on skills and education section&amp#27;[0m                  &amp#27;[90m# Stepdef.clicks_on_skills_and_education_section()&amp#27;[0m
    &amp#27;[32mWhen &amp#27;[0m&amp#27;[32mrecruiter add industry field "&amp#27;[0m&amp#27;[32m&amp#27;[1mcomputer software&amp#27;[0m&amp#27;[32m"&amp#27;[0m        &amp#27;[90m# Stepdef.recruiter_add_industry_field(String)&amp#27;[0m
    &amp#27;[32mAnd &amp#27;[0m&amp#27;[32madd keywords for AI to vote CV "&amp#27;[0m&amp#27;[32m&amp#27;[1mjava&amp#27;[0m&amp#27;[32m"&amp#27;[0m                    &amp#27;[90m# Stepdef.add_keywords_for_AI_to_vote_CV(String)&amp#27;[0m
    &amp#27;[32mAnd &amp#27;[0m&amp#27;[32mrecruiter add Education "&amp#27;[0m&amp#27;[32m&amp#27;[1mBSc Computers&amp#27;[0m&amp#27;[32m"&amp#27;[0m                  &amp#27;[90m# Stepdef.recruiter_add_Education(String)&amp#27;[0m
    &amp#27;[32mWhen &amp#27;[0m&amp#27;[32mrecruiter clicks on Additional Information&amp#27;[0m              &amp#27;[90m# Stepdef.recruiter_clicks_on_Additional_Information()&amp#27;[0m
    &amp#27;[32mWhen &amp#27;[0m&amp#27;[32mrecruiter add Work Location "&amp#27;[0m&amp#27;[32m&amp#27;[1mHyderabad&amp#27;[0m&amp#27;[32m"&amp#27;[0m                 &amp#27;[90m# Stepdef.recruiter_add_Work_Location(String)&amp#27;[0m
    &amp#27;[32mAnd &amp#27;[0m&amp#27;[32mrecruiter add working Hours "&amp#27;[0m&amp#27;[32m&amp#27;[1m8 hrs&amp#27;[0m&amp#27;[32m"&amp#27;[0m                      &amp#27;[90m# Stepdef.recruiter_add_working_Hours(String)&amp#27;[0m
    &amp#27;[32mAnd &amp#27;[0m&amp#27;[32menter minimal Annual Salary "&amp#27;[0m&amp#27;[32m&amp#27;[1m400000&amp#27;[0m&amp#27;[32m"&amp#27;[0m                     &amp#27;[90m# Stepdef.enter_minimal_Annual_Salary(String)&amp#27;[0m
    &amp#27;[32mAnd &amp#27;[0m&amp#27;[32menter maximum Annual Salary "&amp#27;[0m&amp#27;[32m&amp#27;[1m1000000&amp#27;[0m&amp#27;[32m"&amp#27;[0m                    &amp#27;[90m# Stepdef.enter_maximum_Annual_Salary(String)&amp#27;[0m
    &amp#27;[32mGiven &amp#27;[0m&amp#27;[32mrecruiter clicks on pre screening questionaire&amp#27;[0m         &amp#27;[90m# Stepdef.recruiter_clicks_on_pre_screening_questionaire()&amp#27;[0m
    &amp#27;[32mWhen &amp#27;[0m&amp#27;[32mrecruiter clicks on select questions button&amp#27;[0m             &amp#27;[90m# Stepdef.recruiter_clicks_on_select_questions_button()&amp#27;[0m
    #When recruiter clicks on Add Question button
    #And recruiter adds essay text type question
    #And recruiter adds numeric type question
    #And recruiter adds yes or no question
    &amp#27;[32mAnd &amp#27;[0m&amp#27;[32mSelect questions from displayed List&amp#27;[0m                     &amp#27;[90m# Stepdef.select_questions_from_displayed_List()&amp#27;[0m
    &amp#27;[32mThen &amp#27;[0m&amp#27;[32mclick on Add Selected option&amp#27;[0m                            &amp#27;[90m# Stepdef.click_on_Add_Selected_option()&amp#27;[0m
    &amp#27;[32mGiven &amp#27;[0m&amp#27;[32mrecruiter Clicks on Attachments section&amp#27;[0m                &amp#27;[90m# Stepdef.recruiter_Clicks_on_Attachments_section()&amp#27;[0m
    &amp#27;[32mWhen &amp#27;[0m&amp#27;[32mrecruiter uploads Attachment file&amp#27;[0m                       &amp#27;[90m# Stepdef.recruiter_uploads_Attachment_file()&amp#27;[0m
    &amp#27;[32mThen &amp#27;[0m&amp#27;[32mclick on submit after uploading file&amp#27;[0m                    &amp#27;[90m# Stepdef.click_on_submit_after_uploading_file()&amp#27;[0m
]]></system-out>
    <system-err><![CDATA[Starting ChromeDriver 107.0.5304.62 (1eec40d3a5764881c92085aaee66d25075c159aa-refs/branch-heads/5304@{#942}) on port 26872
Only local connections are allowed.
Please see https://chromedriver.chromium.org/security-considerations for suggestions on keeping ChromeDriver safe.
ChromeDriver was started successfully.
Nov 19, 2022 1:50:12 PM org.openqa.selenium.remote.ProtocolHandshake createSession
INFO: Detected dialect: W3C
]]></system-err>
  </testcase>
</testsuite>