<?xml version="1.0" encoding="UTF-8"?>
<testng-results ignored="0" total="1" passed="1" failed="0" skipped="0">
  <reporter-output>
  </reporter-output>
  <suite started-at="2022-11-22T06:48:56Z" name="Surefire suite" finished-at="2022-11-22T06:51:31Z" duration-ms="155535">
    <groups>
      <group name="cucumber">
        <method signature="AbstractTestNGCucumberTests.feature(cucumber.api.testng.CucumberFeatureWrapper)[pri:0, instance:testrunners.Testrunners@4116aac9]" name="feature" class="cucumber.api.testng.AbstractTestNGCucumberTests"/>
      </group> <!-- cucumber -->
    </groups>
    <test started-at="2022-11-22T06:48:56Z" name="Surefire test" finished-at="2022-11-22T06:51:31Z" duration-ms="155535">
      <class name="testrunners.Testrunners">
        <test-method is-config="true" signature="setUpClass()[pri:0, instance:testrunners.Testrunners@4116aac9]" started-at="2022-11-22T06:48:56Z" name="setUpClass" finished-at="2022-11-22T06:48:56Z" duration-ms="507" status="PASS">
          <reporter-output>
          </reporter-output>
        </test-method> <!-- setUpClass -->
        <test-method signature="feature(cucumber.api.testng.CucumberFeatureWrapper)[pri:0, instance:testrunners.Testrunners@4116aac9]" started-at="2022-11-22T06:48:57Z" name="feature" description="Runs Cucumber Feature" data-provider="features" finished-at="2022-11-22T06:51:31Z" duration-ms="154237" status="PASS">
          <params>
            <param index="0">
              <value>
                <![CDATA[Job Info]]>
              </value>
            </param>
          </params>
          <reporter-output>
          </reporter-output>
        </test-method> <!-- feature -->
        <test-method is-config="true" signature="tearDownClass()[pri:0, instance:testrunners.Testrunners@4116aac9]" started-at="2022-11-22T06:51:31Z" name="tearDownClass" finished-at="2022-11-22T06:51:31Z" duration-ms="596" status="PASS">
          <reporter-output>
          </reporter-output>
        </test-method> <!-- tearDownClass -->
      </class> <!-- testrunners.Testrunners -->
    </test> <!-- Surefire test -->
  </suite> <!-- Surefire suite -->
</testng-results>
