<?xml version="1.0" encoding="UTF-8"?>
<testng-results skipped="0" failed="0" ignored="0" total="1" passed="1">
  <reporter-output>
  </reporter-output>
  <suite name="Default suite" duration-ms="247193" started-at="2022-11-25T11:34:11Z" finished-at="2022-11-25T11:38:18Z">
    <groups>
      <group name="cucumber">
        <method signature="AbstractTestNGCucumberTests.feature(cucumber.api.testng.CucumberFeatureWrapper)[pri:0, instance:testrunners.Testrunners@2bbf180e]" name="feature" class="cucumber.api.testng.AbstractTestNGCucumberTests"/>
      </group> <!-- cucumber -->
    </groups>
    <test name="Default test" duration-ms="247193" started-at="2022-11-25T11:34:11Z" finished-at="2022-11-25T11:38:18Z">
      <class name="testrunners.Testrunners">
        <test-method status="PASS" signature="setUpClass()[pri:0, instance:testrunners.Testrunners@2bbf180e]" name="setUpClass" is-config="true" duration-ms="230" started-at="2022-11-25T11:34:11Z" finished-at="2022-11-25T11:34:11Z">
          <reporter-output>
          </reporter-output>
        </test-method> <!-- setUpClass -->
        <test-method status="PASS" signature="feature(cucumber.api.testng.CucumberFeatureWrapper)[pri:0, instance:testrunners.Testrunners@2bbf180e]" name="feature" duration-ms="246427" started-at="2022-11-25T11:34:11Z" description="Runs Cucumber Feature" data-provider="features" finished-at="2022-11-25T11:38:17Z">
          <params>
            <param index="0">
              <value>
                <![CDATA[Application info page]]>
              </value>
            </param>
          </params>
          <reporter-output>
          </reporter-output>
        </test-method> <!-- feature -->
        <test-method status="PASS" signature="tearDownClass()[pri:0, instance:testrunners.Testrunners@2bbf180e]" name="tearDownClass" is-config="true" duration-ms="454" started-at="2022-11-25T11:38:17Z" finished-at="2022-11-25T11:38:18Z">
          <reporter-output>
          </reporter-output>
        </test-method> <!-- tearDownClass -->
      </class> <!-- testrunners.Testrunners -->
    </test> <!-- Default test -->
  </suite> <!-- Default suite -->
</testng-results>
