<?xml version="1.0" encoding="UTF-8"?>
<testng-results skipped="0" failed="0" ignored="0" total="1" passed="1">
  <reporter-output>
  </reporter-output>
  <suite name="Default suite" duration-ms="23883" started-at="2022-11-24T06:57:28Z" finished-at="2022-11-24T06:57:52Z">
    <groups>
      <group name="cucumber">
        <method signature="AbstractTestNGCucumberTests.feature(cucumber.api.testng.CucumberFeatureWrapper)[pri:0, instance:testrunners.Testrunners@12b0404f]" name="feature" class="cucumber.api.testng.AbstractTestNGCucumberTests"/>
      </group> <!-- cucumber -->
    </groups>
    <test name="Default test" duration-ms="23883" started-at="2022-11-24T06:57:28Z" finished-at="2022-11-24T06:57:52Z">
      <class name="testrunners.Testrunners">
        <test-method status="PASS" signature="setUpClass()[pri:0, instance:testrunners.Testrunners@12b0404f]" name="setUpClass" is-config="true" duration-ms="343" started-at="2022-11-24T06:57:28Z" finished-at="2022-11-24T06:57:29Z">
          <reporter-output>
          </reporter-output>
        </test-method> <!-- setUpClass -->
        <test-method status="PASS" signature="feature(cucumber.api.testng.CucumberFeatureWrapper)[pri:0, instance:testrunners.Testrunners@12b0404f]" name="feature" duration-ms="22902" started-at="2022-11-24T06:57:29Z" description="Runs Cucumber Feature" data-provider="features" finished-at="2022-11-24T06:57:52Z">
          <params>
            <param index="0">
              <value>
                <![CDATA[Login and Logout feature]]>
              </value>
            </param>
          </params>
          <reporter-output>
          </reporter-output>
        </test-method> <!-- feature -->
        <test-method status="PASS" signature="tearDownClass()[pri:0, instance:testrunners.Testrunners@12b0404f]" name="tearDownClass" is-config="true" duration-ms="517" started-at="2022-11-24T06:57:52Z" finished-at="2022-11-24T06:57:52Z">
          <reporter-output>
          </reporter-output>
        </test-method> <!-- tearDownClass -->
      </class> <!-- testrunners.Testrunners -->
    </test> <!-- Default test -->
  </suite> <!-- Default suite -->
</testng-results>
